{"meta": {"format": 3, "version": "7.11.0", "timestamp": "2025-10-17T12:59:08.337193", "branch_coverage": false, "show_contexts": false}, "files": {"app/__init__.py": {"executed_lines": [0], "summary": {"covered_lines": 0, "num_statements": 0, "percent_covered": 100.0, "percent_covered_display": "100", "missing_lines": 0, "excluded_lines": 0}, "missing_lines": [], "excluded_lines": [], "functions": {"": {"executed_lines": [], "summary": {"covered_lines": 0, "num_statements": 0, "percent_covered": 100.0, "percent_covered_display": "100", "missing_lines": 0, "excluded_lines": 0}, "missing_lines": [], "excluded_lines": []}}, "classes": {"": {"executed_lines": [], "summary": {"covered_lines": 0, "num_statements": 0, "percent_covered": 100.0, "percent_covered_display": "100", "missing_lines": 0, "excluded_lines": 0}, "missing_lines": [], "excluded_lines": []}}}, "app/api/__init__.py": {"executed_lines": [0], "summary": {"covered_lines": 0, "num_statements": 0, "percent_covered": 100.0, "percent_covered_display": "100", "missing_lines": 0, "excluded_lines": 0}, "missing_lines": [], "excluded_lines": [], "functions": {"": {"executed_lines": [], "summary": {"covered_lines": 0, "num_statements": 0, "percent_covered": 100.0, "percent_covered_display": "100", "missing_lines": 0, "excluded_lines": 0}, "missing_lines": [], "excluded_lines": []}}, "classes": {"": {"executed_lines": [], "summary": {"covered_lines": 0, "num_statements": 0, "percent_covered": 100.0, "percent_covered_display": "100", "missing_lines": 0, "excluded_lines": 0}, "missing_lines": [], "excluded_lines": []}}}, "app/api/v1/__init__.py": {"executed_lines": [0], "summary": {"covered_lines": 0, "num_statements": 0, "percent_covered": 100.0, "percent_covered_display": "100", "missing_lines": 0, "excluded_lines": 0}, "missing_lines": [], "excluded_lines": [], "functions": {"": {"executed_lines": [], "summary": {"covered_lines": 0, "num_statements": 0, "percent_covered": 100.0, "percent_covered_display": "100", "missing_lines": 0, "excluded_lines": 0}, "missing_lines": [], "excluded_lines": []}}, "classes": {"": {"executed_lines": [], "summary": {"covered_lines": 0, "num_statements": 0, "percent_covered": 100.0, "percent_covered_display": "100", "missing_lines": 0, "excluded_lines": 0}, "missing_lines": [], "excluded_lines": []}}}, "app/api/v1/api.py": {"executed_lines": [1, 5, 7, 9, 12, 19, 26, 33, 40, 46, 52, 59, 66, 73, 80, 87, 94, 101, 108, 115], "summary": {"covered_lines": 19, "num_statements": 19, "percent_covered": 100.0, "percent_covered_display": "100", "missing_lines": 0, "excluded_lines": 0}, "missing_lines": [], "excluded_lines": [], "functions": {"": {"executed_lines": [1, 5, 7, 9, 12, 19, 26, 33, 40, 46, 52, 59, 66, 73, 80, 87, 94, 101, 108, 115], "summary": {"covered_lines": 19, "num_statements": 19, "percent_covered": 100.0, "percent_covered_display": "100", "missing_lines": 0, "excluded_lines": 0}, "missing_lines": [], "excluded_lines": []}}, "classes": {"": {"executed_lines": [1, 5, 7, 9, 12, 19, 26, 33, 40, 46, 52, 59, 66, 73, 80, 87, 94, 101, 108, 115], "summary": {"covered_lines": 19, "num_statements": 19, "percent_covered": 100.0, "percent_covered_display": "100", "missing_lines": 0, "excluded_lines": 0}, "missing_lines": [], "excluded_lines": []}}}, "app/api/v1/endpoints/__init__.py": {"executed_lines": [0], "summary": {"covered_lines": 0, "num_statements": 0, "percent_covered": 100.0, "percent_covered_display": "100", "missing_lines": 0, "excluded_lines": 0}, "missing_lines": [], "excluded_lines": [], "functions": {"": {"executed_lines": [], "summary": {"covered_lines": 0, "num_statements": 0, "percent_covered": 100.0, "percent_covered_display": "100", "missing_lines": 0, "excluded_lines": 0}, "missing_lines": [], "excluded_lines": []}}, "classes": {"": {"executed_lines": [], "summary": {"covered_lines": 0, "num_statements": 0, "percent_covered": 100.0, "percent_covered_display": "100", "missing_lines": 0, "excluded_lines": 0}, "missing_lines": [], "excluded_lines": []}}}, "app/api/v1/endpoints/assess.py": {"executed_lines": [1, 7, 8, 9, 10, 11, 12, 13, 15, 16, 17, 19, 20, 23, 26, 27, 28, 29, 30, 33, 34, 35, 38, 45, 46, 48, 50, 53, 117, 118, 119, 127, 131, 132, 143, 144, 147, 157, 165, 169, 187, 188, 194, 195, 196, 201, 203, 209, 210, 219, 220, 226, 227, 233, 235, 236, 295, 296, 305, 307, 313, 318, 334, 335, 341, 342, 348, 351, 353, 363, 371], "summary": {"covered_lines": 68, "num_statements": 115, "percent_covered": 59.130434782608695, "percent_covered_display": "59", "missing_lines": 47, "excluded_lines": 0}, "missing_lines": [55, 58, 59, 60, 63, 69, 72, 82, 83, 84, 85, 87, 106, 110, 111, 113, 128, 179, 180, 181, 211, 212, 213, 228, 243, 245, 247, 253, 254, 268, 276, 277, 279, 285, 286, 287, 288, 289, 326, 327, 328, 343, 379, 380, 381, 382, 383], "excluded_lines": [], "functions": {"perform_audit_task": {"executed_lines": [45, 46, 48, 50, 53, 117, 118, 119, 127], "summary": {"covered_lines": 9, "num_statements": 26, "percent_covered": 34.61538461538461, "percent_covered_display": "35", "missing_lines": 17, "excluded_lines": 0}, "missing_lines": [55, 58, 59, 60, 63, 69, 72, 82, 83, 84, 85, 87, 106, 110, 111, 113, 128], "excluded_lines": []}, "start_audit": {"executed_lines": [143, 144, 147, 157, 165, 169], "summary": {"covered_lines": 6, "num_statements": 9, "percent_covered": 66.66666666666667, "percent_covered_display": "67", "missing_lines": 3, "excluded_lines": 0}, "missing_lines": [179, 180, 181], "excluded_lines": []}, "get_audit_results": {"executed_lines": [194, 195, 196, 201, 203, 209, 210], "summary": {"covered_lines": 7, "num_statements": 10, "percent_covered": 70.0, "percent_covered_display": "70", "missing_lines": 3, "excluded_lines": 0}, "missing_lines": [211, 212, 213], "excluded_lines": []}, "explain_audit": {"executed_lines": [226, 227, 233, 235, 236], "summary": {"covered_lines": 5, "num_statements": 20, "percent_covered": 25.0, "percent_covered_display": "25", "missing_lines": 15, "excluded_lines": 0}, "missing_lines": [228, 243, 245, 247, 253, 254, 268, 276, 277, 279, 285, 286, 287, 288, 289], "excluded_lines": []}, "get_user_audits": {"executed_lines": [305, 307, 313, 318], "summary": {"covered_lines": 4, "num_statements": 7, "percent_covered": 57.142857142857146, "percent_covered_display": "57", "missing_lines": 3, "excluded_lines": 0}, "missing_lines": [326, 327, 328], "excluded_lines": []}, "rerun_audit": {"executed_lines": [341, 342, 348, 351, 353, 363, 371], "summary": {"covered_lines": 7, "num_statements": 13, "percent_covered": 53.84615384615385, "percent_covered_display": "54", "missing_lines": 6, "excluded_lines": 0}, "missing_lines": [343, 379, 380, 381, 382, 383], "excluded_lines": []}, "": {"executed_lines": [1, 7, 8, 9, 10, 11, 12, 13, 15, 16, 17, 19, 20, 23, 26, 27, 28, 29, 30, 33, 34, 35, 38, 131, 132, 187, 188, 219, 220, 295, 296, 334, 335], "summary": {"covered_lines": 30, "num_statements": 30, "percent_covered": 100.0, "percent_covered_display": "100", "missing_lines": 0, "excluded_lines": 0}, "missing_lines": [], "excluded_lines": []}}, "classes": {"AuditStartRequest": {"executed_lines": [], "summary": {"covered_lines": 0, "num_statements": 0, "percent_covered": 100.0, "percent_covered_display": "100", "missing_lines": 0, "excluded_lines": 0}, "missing_lines": [], "excluded_lines": []}, "AuditExplainRequest": {"executed_lines": [], "summary": {"covered_lines": 0, "num_statements": 0, "percent_covered": 100.0, "percent_covered_display": "100", "missing_lines": 0, "excluded_lines": 0}, "missing_lines": [], "excluded_lines": []}, "": {"executed_lines": [1, 7, 8, 9, 10, 11, 12, 13, 15, 16, 17, 19, 20, 23, 26, 27, 28, 29, 30, 33, 34, 35, 38, 45, 46, 48, 50, 53, 117, 118, 119, 127, 131, 132, 143, 144, 147, 157, 165, 169, 187, 188, 194, 195, 196, 201, 203, 209, 210, 219, 220, 226, 227, 233, 235, 236, 295, 296, 305, 307, 313, 318, 334, 335, 341, 342, 348, 351, 353, 363, 371], "summary": {"covered_lines": 68, "num_statements": 115, "percent_covered": 59.130434782608695, "percent_covered_display": "59", "missing_lines": 47, "excluded_lines": 0}, "missing_lines": [55, 58, 59, 60, 63, 69, 72, 82, 83, 84, 85, 87, 106, 110, 111, 113, 128, 179, 180, 181, 211, 212, 213, 228, 243, 245, 247, 253, 254, 268, 276, 277, 279, 285, 286, 287, 288, 289, 326, 327, 328, 343, 379, 380, 381, 382, 383], "excluded_lines": []}}}, "app/api/v1/endpoints/brick2_handshake.py": {"executed_lines": [1, 5, 6, 7, 8, 9, 10, 11, 13, 14, 17, 18, 19, 20, 21, 22, 25, 26, 27, 28, 29, 30, 31, 32, 33, 36, 37, 38, 39, 40, 41, 42, 43, 47, 48, 51, 52, 111, 159, 198, 227, 228, 260, 261, 292, 293, 326, 327], "summary": {"covered_lines": 44, "num_statements": 113, "percent_covered": 38.93805309734513, "percent_covered_display": "39", "missing_lines": 69, "excluded_lines": 0}, "missing_lines": [55, 57, 60, 72, 73, 74, 77, 79, 88, 93, 103, 104, 105, 114, 149, 162, 164, 191, 201, 208, 209, 211, 212, 214, 215, 217, 224, 231, 232, 233, 238, 239, 241, 250, 251, 252, 253, 254, 264, 265, 266, 272, 274, 276, 282, 283, 284, 285, 286, 296, 297, 298, 299, 300, 310, 312, 318, 319, 320, 330, 331, 332, 333, 334, 336, 338, 344, 345, 346], "excluded_lines": [], "functions": {"initiate_brick2_handshake": {"executed_lines": [], "summary": {"covered_lines": 0, "num_statements": 13, "percent_covered": 0.0, "percent_covered_display": "0", "missing_lines": 13, "excluded_lines": 0}, "missing_lines": [55, 57, 60, 72, 73, 74, 77, 79, 88, 93, 103, 104, 105], "excluded_lines": []}, "get_brick2_capabilities": {"executed_lines": [], "summary": {"covered_lines": 0, "num_statements": 2, "percent_covered": 0.0, "percent_covered_display": "0", "missing_lines": 2, "excluded_lines": 0}, "missing_lines": [114, 149], "excluded_lines": []}, "get_brick2_endpoints": {"executed_lines": [], "summary": {"covered_lines": 0, "num_statements": 3, "percent_covered": 0.0, "percent_covered_display": "0", "missing_lines": 3, "excluded_lines": 0}, "missing_lines": [162, 164, 191], "excluded_lines": []}, "get_brick2_next_steps": {"executed_lines": [], "summary": {"covered_lines": 0, "num_statements": 9, "percent_covered": 0.0, "percent_covered_display": "0", "missing_lines": 9, "excluded_lines": 0}, "missing_lines": [201, 208, 209, 211, 212, 214, 215, 217, 224], "excluded_lines": []}, "get_brick2_status": {"executed_lines": [], "summary": {"covered_lines": 0, "num_statements": 11, "percent_covered": 0.0, "percent_covered_display": "0", "missing_lines": 11, "excluded_lines": 0}, "missing_lines": [231, 232, 233, 238, 239, 241, 250, 251, 252, 253, 254], "excluded_lines": []}, "send_brick2_heartbeat": {"executed_lines": [], "summary": {"covered_lines": 0, "num_statements": 11, "percent_covered": 0.0, "percent_covered_display": "0", "missing_lines": 11, "excluded_lines": 0}, "missing_lines": [264, 265, 266, 272, 274, 276, 282, 283, 284, 285, 286], "excluded_lines": []}, "list_brick2_connections": {"executed_lines": [], "summary": {"covered_lines": 0, "num_statements": 10, "percent_covered": 0.0, "percent_covered_display": "0", "missing_lines": 10, "excluded_lines": 0}, "missing_lines": [296, 297, 298, 299, 300, 310, 312, 318, 319, 320], "excluded_lines": []}, "disconnect_brick2": {"executed_lines": [], "summary": {"covered_lines": 0, "num_statements": 10, "percent_covered": 0.0, "percent_covered_display": "0", "missing_lines": 10, "excluded_lines": 0}, "missing_lines": [330, 331, 332, 333, 334, 336, 338, 344, 345, 346], "excluded_lines": []}, "": {"executed_lines": [1, 5, 6, 7, 8, 9, 10, 11, 13, 14, 17, 18, 19, 20, 21, 22, 25, 26, 27, 28, 29, 30, 31, 32, 33, 36, 37, 38, 39, 40, 41, 42, 43, 47, 48, 51, 52, 111, 159, 198, 227, 228, 260, 261, 292, 293, 326, 327], "summary": {"covered_lines": 44, "num_statements": 44, "percent_covered": 100.0, "percent_covered_display": "100", "missing_lines": 0, "excluded_lines": 0}, "missing_lines": [], "excluded_lines": []}}, "classes": {"Brick2HandshakeRequest": {"executed_lines": [], "summary": {"covered_lines": 0, "num_statements": 0, "percent_covered": 100.0, "percent_covered_display": "100", "missing_lines": 0, "excluded_lines": 0}, "missing_lines": [], "excluded_lines": []}, "Brick2HandshakeResponse": {"executed_lines": [], "summary": {"covered_lines": 0, "num_statements": 0, "percent_covered": 100.0, "percent_covered_display": "100", "missing_lines": 0, "excluded_lines": 0}, "missing_lines": [], "excluded_lines": []}, "Brick2IntegrationStatus": {"executed_lines": [], "summary": {"covered_lines": 0, "num_statements": 0, "percent_covered": 100.0, "percent_covered_display": "100", "missing_lines": 0, "excluded_lines": 0}, "missing_lines": [], "excluded_lines": []}, "": {"executed_lines": [1, 5, 6, 7, 8, 9, 10, 11, 13, 14, 17, 18, 19, 20, 21, 22, 25, 26, 27, 28, 29, 30, 31, 32, 33, 36, 37, 38, 39, 40, 41, 42, 43, 47, 48, 51, 52, 111, 159, 198, 227, 228, 260, 261, 292, 293, 326, 327], "summary": {"covered_lines": 44, "num_statements": 113, "percent_covered": 38.93805309734513, "percent_covered_display": "39", "missing_lines": 69, "excluded_lines": 0}, "missing_lines": [55, 57, 60, 72, 73, 74, 77, 79, 88, 93, 103, 104, 105, 114, 149, 162, 164, 191, 201, 208, 209, 211, 212, 214, 215, 217, 224, 231, 232, 233, 238, 239, 241, 250, 251, 252, 253, 254, 264, 265, 266, 272, 274, 276, 282, 283, 284, 285, 286, 296, 297, 298, 299, 300, 310, 312, 318, 319, 320, 330, 331, 332, 333, 334, 336, 338, 344, 345, 346], "excluded_lines": []}}}, "app/api/v1/endpoints/bricks.py": {"executed_lines": [1, 5, 6, 7, 8, 9, 10, 12, 13, 16, 17, 18, 19, 20, 21, 22, 23, 26, 27, 28, 29, 30, 31, 34, 35, 81, 82, 107, 108, 135, 136, 168, 169, 210, 211], "summary": {"covered_lines": 32, "num_statements": 78, "percent_covered": 41.02564102564103, "percent_covered_display": "41", "missing_lines": 46, "excluded_lines": 0}, "missing_lines": [38, 40, 41, 42, 44, 45, 48, 51, 52, 53, 64, 66, 73, 74, 75, 85, 87, 90, 92, 99, 100, 101, 111, 113, 125, 127, 128, 129, 139, 141, 158, 160, 161, 162, 172, 174, 195, 202, 203, 204, 214, 216, 243, 250, 251, 252], "excluded_lines": [], "functions": {"list_bricks": {"executed_lines": [], "summary": {"covered_lines": 0, "num_statements": 15, "percent_covered": 0.0, "percent_covered_display": "0", "missing_lines": 15, "excluded_lines": 0}, "missing_lines": [38, 40, 41, 42, 44, 45, 48, 51, 52, 53, 64, 66, 73, 74, 75], "excluded_lines": []}, "create_brick": {"executed_lines": [], "summary": {"covered_lines": 0, "num_statements": 7, "percent_covered": 0.0, "percent_covered_display": "0", "missing_lines": 7, "excluded_lines": 0}, "missing_lines": [85, 87, 90, 92, 99, 100, 101], "excluded_lines": []}, "get_brick": {"executed_lines": [], "summary": {"covered_lines": 0, "num_statements": 6, "percent_covered": 0.0, "percent_covered_display": "0", "missing_lines": 6, "excluded_lines": 0}, "missing_lines": [111, 113, 125, 127, 128, 129], "excluded_lines": []}, "analyze_brick": {"executed_lines": [], "summary": {"covered_lines": 0, "num_statements": 6, "percent_covered": 0.0, "percent_covered_display": "0", "missing_lines": 6, "excluded_lines": 0}, "missing_lines": [139, 141, 158, 160, 161, 162], "excluded_lines": []}, "get_revenue_opportunities": {"executed_lines": [], "summary": {"covered_lines": 0, "num_statements": 6, "percent_covered": 0.0, "percent_covered_display": "0", "missing_lines": 6, "excluded_lines": 0}, "missing_lines": [172, 174, 195, 202, 203, 204], "excluded_lines": []}, "get_strategic_gaps": {"executed_lines": [], "summary": {"covered_lines": 0, "num_statements": 6, "percent_covered": 0.0, "percent_covered_display": "0", "missing_lines": 6, "excluded_lines": 0}, "missing_lines": [214, 216, 243, 250, 251, 252], "excluded_lines": []}, "": {"executed_lines": [1, 5, 6, 7, 8, 9, 10, 12, 13, 16, 17, 18, 19, 20, 21, 22, 23, 26, 27, 28, 29, 30, 31, 34, 35, 81, 82, 107, 108, 135, 136, 168, 169, 210, 211], "summary": {"covered_lines": 32, "num_statements": 32, "percent_covered": 100.0, "percent_covered_display": "100", "missing_lines": 0, "excluded_lines": 0}, "missing_lines": [], "excluded_lines": []}}, "classes": {"BrickRequest": {"executed_lines": [], "summary": {"covered_lines": 0, "num_statements": 0, "percent_covered": 100.0, "percent_covered_display": "100", "missing_lines": 0, "excluded_lines": 0}, "missing_lines": [], "excluded_lines": []}, "BrickResponse": {"executed_lines": [], "summary": {"covered_lines": 0, "num_statements": 0, "percent_covered": 100.0, "percent_covered_display": "100", "missing_lines": 0, "excluded_lines": 0}, "missing_lines": [], "excluded_lines": []}, "": {"executed_lines": [1, 5, 6, 7, 8, 9, 10, 12, 13, 16, 17, 18, 19, 20, 21, 22, 23, 26, 27, 28, 29, 30, 31, 34, 35, 81, 82, 107, 108, 135, 136, 168, 169, 210, 211], "summary": {"covered_lines": 32, "num_statements": 78, "percent_covered": 41.02564102564103, "percent_covered_display": "41", "missing_lines": 46, "excluded_lines": 0}, "missing_lines": [38, 40, 41, 42, 44, 45, 48, 51, 52, 53, 64, 66, 73, 74, 75, 85, 87, 90, 92, 99, 100, 101, 111, 113, 125, 127, 128, 129, 139, 141, 158, 160, 161, 162, 172, 174, 195, 202, 203, 204, 214, 216, 243, 250, 251, 252], "excluded_lines": []}}}, "app/api/v1/endpoints/chat.py": {"executed_lines": [1, 7, 8, 9, 10, 11, 12, 13, 14, 15, 16, 17, 18, 20, 21, 24, 25, 26, 27, 28, 29, 32, 33, 34, 35, 36, 37, 38, 39, 40, 44, 45, 46, 47, 48, 53, 55, 56, 58, 59, 62, 68, 73, 79, 86, 87, 89, 90, 92, 100, 110, 119, 121, 122, 124, 125, 128, 134, 138, 139, 140, 141, 144, 151, 154, 155, 156, 157, 158, 159, 163, 167, 173, 174, 175, 176, 181, 188, 193, 196, 197, 209, 211, 212, 214, 220, 223, 226, 233, 234, 235, 242, 244, 265, 272, 295, 296, 357, 358, 364, 365, 367, 368, 370, 371, 373, 396, 411, 412], "summary": {"covered_lines": 106, "num_statements": 148, "percent_covered": 71.62162162162163, "percent_covered_display": "72", "missing_lines": 42, "excluded_lines": 0}, "missing_lines": [49, 50, 74, 75, 76, 115, 116, 161, 177, 182, 247, 248, 249, 256, 287, 288, 289, 309, 310, 312, 313, 316, 317, 319, 321, 328, 329, 330, 331, 332, 340, 349, 350, 351, 387, 388, 389, 390, 403, 404, 405, 422], "excluded_lines": [], "functions": {"get_conversation_context": {"executed_lines": [55, 56, 58, 59, 62, 68, 73], "summary": {"covered_lines": 7, "num_statements": 10, "percent_covered": 70.0, "percent_covered_display": "70", "missing_lines": 3, "excluded_lines": 0}, "missing_lines": [74, 75, 76], "excluded_lines": []}, "store_conversation_in_memory": {"executed_lines": [86, 87, 89, 90, 92, 100, 110], "summary": {"covered_lines": 7, "num_statements": 9, "percent_covered": 77.77777777777777, "percent_covered_display": "78", "missing_lines": 2, "excluded_lines": 0}, "missing_lines": [115, 116], "excluded_lines": []}, "get_relevant_context": {"executed_lines": [121, 122, 124, 125, 128, 134, 138, 139, 140, 141], "summary": {"covered_lines": 10, "num_statements": 10, "percent_covered": 100.0, "percent_covered_display": "100", "missing_lines": 0, "excluded_lines": 0}, "missing_lines": [], "excluded_lines": []}, "build_claude_messages": {"executed_lines": [151, 154, 155, 156, 157, 158, 159, 163, 167, 173, 174, 175, 176, 181, 188, 193], "summary": {"covered_lines": 16, "num_statements": 19, "percent_covered": 84.21052631578948, "percent_covered_display": "84", "missing_lines": 3, "excluded_lines": 0}, "missing_lines": [161, 177, 182], "excluded_lines": []}, "send_chat_message": {"executed_lines": [209, 211, 212, 214, 220, 223, 226, 233, 234, 235, 242, 244, 265, 272], "summary": {"covered_lines": 14, "num_statements": 21, "percent_covered": 66.66666666666667, "percent_covered_display": "67", "missing_lines": 7, "excluded_lines": 0}, "missing_lines": [247, 248, 249, 256, 287, 288, 289], "excluded_lines": []}, "get_chat_history": {"executed_lines": [], "summary": {"covered_lines": 0, "num_statements": 17, "percent_covered": 0.0, "percent_covered_display": "0", "missing_lines": 17, "excluded_lines": 0}, "missing_lines": [309, 310, 312, 313, 316, 317, 319, 321, 328, 329, 330, 331, 332, 340, 349, 350, 351], "excluded_lines": []}, "get_active_sessions": {"executed_lines": [364, 365, 367, 368, 370, 371, 373, 396], "summary": {"covered_lines": 8, "num_statements": 15, "percent_covered": 53.333333333333336, "percent_covered_display": "53", "missing_lines": 7, "excluded_lines": 0}, "missing_lines": [387, 388, 389, 390, 403, 404, 405], "excluded_lines": []}, "programmatic_send_message": {"executed_lines": [], "summary": {"covered_lines": 0, "num_statements": 1, "percent_covered": 0.0, "percent_covered_display": "0", "missing_lines": 1, "excluded_lines": 0}, "missing_lines": [422], "excluded_lines": []}, "": {"executed_lines": [1, 7, 8, 9, 10, 11, 12, 13, 14, 15, 16, 17, 18, 20, 21, 24, 25, 26, 27, 28, 29, 32, 33, 34, 35, 36, 37, 38, 39, 40, 44, 45, 46, 47, 48, 53, 79, 119, 144, 196, 197, 295, 296, 357, 358, 411, 412], "summary": {"covered_lines": 44, "num_statements": 46, "percent_covered": 95.65217391304348, "percent_covered_display": "96", "missing_lines": 2, "excluded_lines": 0}, "missing_lines": [49, 50], "excluded_lines": []}}, "classes": {"ChatMessage": {"executed_lines": [], "summary": {"covered_lines": 0, "num_statements": 0, "percent_covered": 100.0, "percent_covered_display": "100", "missing_lines": 0, "excluded_lines": 0}, "missing_lines": [], "excluded_lines": []}, "ChatResponse": {"executed_lines": [], "summary": {"covered_lines": 0, "num_statements": 0, "percent_covered": 100.0, "percent_covered_display": "100", "missing_lines": 0, "excluded_lines": 0}, "missing_lines": [], "excluded_lines": []}, "": {"executed_lines": [1, 7, 8, 9, 10, 11, 12, 13, 14, 15, 16, 17, 18, 20, 21, 24, 25, 26, 27, 28, 29, 32, 33, 34, 35, 36, 37, 38, 39, 40, 44, 45, 46, 47, 48, 53, 55, 56, 58, 59, 62, 68, 73, 79, 86, 87, 89, 90, 92, 100, 110, 119, 121, 122, 124, 125, 128, 134, 138, 139, 140, 141, 144, 151, 154, 155, 156, 157, 158, 159, 163, 167, 173, 174, 175, 176, 181, 188, 193, 196, 197, 209, 211, 212, 214, 220, 223, 226, 233, 234, 235, 242, 244, 265, 272, 295, 296, 357, 358, 364, 365, 367, 368, 370, 371, 373, 396, 411, 412], "summary": {"covered_lines": 106, "num_statements": 148, "percent_covered": 71.62162162162163, "percent_covered_display": "72", "missing_lines": 42, "excluded_lines": 0}, "missing_lines": [49, 50, 74, 75, 76, 115, 116, 161, 177, 182, 247, 248, 249, 256, 287, 288, 289, 309, 310, 312, 313, 316, 317, 319, 321, 328, 329, 330, 331, 332, 340, 349, 350, 351, 387, 388, 389, 390, 403, 404, 405, 422], "excluded_lines": []}}}, "app/api/v1/endpoints/dashboard.py": {"executed_lines": [1, 6, 7, 8, 9, 10, 12, 13, 14, 16, 18, 21, 22, 23, 24, 25, 26, 27, 28, 29, 30, 33, 34, 35, 36, 37, 38, 39, 42, 43, 44, 45, 46, 47, 48, 49, 50, 54, 57, 66, 67, 71, 72, 120, 121, 201, 202, 240, 241, 284, 285, 338, 339, 392, 393, 431, 432, 473, 492, 507, 528, 531], "summary": {"covered_lines": 58, "num_statements": 227, "percent_covered": 25.550660792951543, "percent_covered_display": "26", "missing_lines": 169, "excluded_lines": 0}, "missing_lines": [59, 61, 62, 63, 69, 77, 79, 80, 83, 84, 89, 92, 93, 94, 95, 96, 98, 109, 115, 116, 117, 124, 126, 128, 131, 142, 144, 147, 148, 149, 150, 151, 153, 154, 155, 156, 157, 158, 159, 160, 161, 163, 164, 165, 168, 169, 170, 172, 183, 185, 196, 197, 198, 207, 208, 211, 222, 223, 224, 226, 227, 229, 235, 236, 237, 246, 247, 250, 251, 253, 254, 255, 256, 258, 259, 262, 273, 279, 280, 281, 290, 291, 293, 305, 306, 307, 309, 310, 311, 312, 315, 316, 317, 318, 319, 320, 323, 324, 325, 327, 333, 334, 335, 344, 346, 347, 350, 364, 365, 366, 373, 374, 375, 376, 377, 379, 381, 387, 388, 389, 400, 402, 407, 408, 414, 416, 426, 427, 428, 438, 440, 441, 442, 451, 454, 455, 457, 468, 469, 470, 475, 476, 479, 480, 482, 483, 484, 486, 488, 489, 494, 495, 497, 498, 500, 501, 503, 504, 509, 511, 512, 513, 515, 516, 518, 519, 521, 522, 524], "excluded_lines": [], "functions": {"get_orchestrator": {"executed_lines": [], "summary": {"covered_lines": 0, "num_statements": 4, "percent_covered": 0.0, "percent_covered_display": "0", "missing_lines": 4, "excluded_lines": 0}, "missing_lines": [59, 61, 62, 63], "excluded_lines": []}, "test_dashboard": {"executed_lines": [], "summary": {"covered_lines": 0, "num_statements": 1, "percent_covered": 0.0, "percent_covered_display": "0", "missing_lines": 1, "excluded_lines": 0}, "missing_lines": [69], "excluded_lines": []}, "get_dashboard_overview": {"executed_lines": [], "summary": {"covered_lines": 0, "num_statements": 16, "percent_covered": 0.0, "percent_covered_display": "0", "missing_lines": 16, "excluded_lines": 0}, "missing_lines": [77, 79, 80, 83, 84, 89, 92, 93, 94, 95, 96, 98, 109, 115, 116, 117], "excluded_lines": []}, "get_services_status": {"executed_lines": [], "summary": {"covered_lines": 0, "num_statements": 32, "percent_covered": 0.0, "percent_covered_display": "0", "missing_lines": 32, "excluded_lines": 0}, "missing_lines": [124, 126, 128, 131, 142, 144, 147, 148, 149, 150, 151, 153, 154, 155, 156, 157, 158, 159, 160, 161, 163, 164, 165, 168, 169, 170, 172, 183, 185, 196, 197, 198], "excluded_lines": []}, "get_system_metrics": {"executed_lines": [], "summary": {"covered_lines": 0, "num_statements": 12, "percent_covered": 0.0, "percent_covered_display": "0", "missing_lines": 12, "excluded_lines": 0}, "missing_lines": [207, 208, 211, 222, 223, 224, 226, 227, 229, 235, 236, 237], "excluded_lines": []}, "get_cost_analysis": {"executed_lines": [], "summary": {"covered_lines": 0, "num_statements": 15, "percent_covered": 0.0, "percent_covered_display": "0", "missing_lines": 15, "excluded_lines": 0}, "missing_lines": [246, 247, 250, 251, 253, 254, 255, 256, 258, 259, 262, 273, 279, 280, 281], "excluded_lines": []}, "get_performance_metrics": {"executed_lines": [], "summary": {"covered_lines": 0, "num_statements": 23, "percent_covered": 0.0, "percent_covered_display": "0", "missing_lines": 23, "excluded_lines": 0}, "missing_lines": [290, 291, 293, 305, 306, 307, 309, 310, 311, 312, 315, 316, 317, 318, 319, 320, 323, 324, 325, 327, 333, 334, 335], "excluded_lines": []}, "comprehensive_health_check": {"executed_lines": [], "summary": {"covered_lines": 0, "num_statements": 17, "percent_covered": 0.0, "percent_covered_display": "0", "missing_lines": 17, "excluded_lines": 0}, "missing_lines": [344, 346, 347, 350, 364, 365, 366, 373, 374, 375, 376, 377, 379, 381, 387, 388, 389], "excluded_lines": []}, "restart_service": {"executed_lines": [], "summary": {"covered_lines": 0, "num_statements": 9, "percent_covered": 0.0, "percent_covered_display": "0", "missing_lines": 9, "excluded_lines": 0}, "missing_lines": [400, 402, 407, 408, 414, 416, 426, 427, 428], "excluded_lines": []}, "get_system_logs": {"executed_lines": [], "summary": {"covered_lines": 0, "num_statements": 11, "percent_covered": 0.0, "percent_covered_display": "0", "missing_lines": 11, "excluded_lines": 0}, "missing_lines": [438, 440, 441, 442, 451, 454, 455, 457, 468, 469, 470], "excluded_lines": []}, "restart_service_task": {"executed_lines": [], "summary": {"covered_lines": 0, "num_statements": 10, "percent_covered": 0.0, "percent_covered_display": "0", "missing_lines": 10, "excluded_lines": 0}, "missing_lines": [475, 476, 479, 480, 482, 483, 484, 486, 488, 489], "excluded_lines": []}, "_calculate_cost_efficiency": {"executed_lines": [], "summary": {"covered_lines": 0, "num_statements": 8, "percent_covered": 0.0, "percent_covered_display": "0", "missing_lines": 8, "excluded_lines": 0}, "missing_lines": [494, 495, 497, 498, 500, 501, 503, 504], "excluded_lines": []}, "_generate_cost_recommendations": {"executed_lines": [], "summary": {"covered_lines": 0, "num_statements": 11, "percent_covered": 0.0, "percent_covered_display": "0", "missing_lines": 11, "excluded_lines": 0}, "missing_lines": [509, 511, 512, 513, 515, 516, 518, 519, 521, 522, 524], "excluded_lines": []}, "set_orchestrator": {"executed_lines": [531], "summary": {"covered_lines": 1, "num_statements": 1, "percent_covered": 100.0, "percent_covered_display": "100", "missing_lines": 0, "excluded_lines": 0}, "missing_lines": [], "excluded_lines": []}, "": {"executed_lines": [1, 6, 7, 8, 9, 10, 12, 13, 14, 16, 18, 21, 22, 23, 24, 25, 26, 27, 28, 29, 30, 33, 34, 35, 36, 37, 38, 39, 42, 43, 44, 45, 46, 47, 48, 49, 50, 54, 57, 66, 67, 71, 72, 120, 121, 201, 202, 240, 241, 284, 285, 338, 339, 392, 393, 431, 432, 473, 492, 507, 528], "summary": {"covered_lines": 57, "num_statements": 57, "percent_covered": 100.0, "percent_covered_display": "100", "missing_lines": 0, "excluded_lines": 0}, "missing_lines": [], "excluded_lines": []}}, "classes": {"DashboardMetrics": {"executed_lines": [], "summary": {"covered_lines": 0, "num_statements": 0, "percent_covered": 100.0, "percent_covered_display": "100", "missing_lines": 0, "excluded_lines": 0}, "missing_lines": [], "excluded_lines": []}, "SystemStatus": {"executed_lines": [], "summary": {"covered_lines": 0, "num_statements": 0, "percent_covered": 100.0, "percent_covered_display": "100", "missing_lines": 0, "excluded_lines": 0}, "missing_lines": [], "excluded_lines": []}, "OrchestrationLog": {"executed_lines": [], "summary": {"covered_lines": 0, "num_statements": 0, "percent_covered": 100.0, "percent_covered_display": "100", "missing_lines": 0, "excluded_lines": 0}, "missing_lines": [], "excluded_lines": []}, "": {"executed_lines": [1, 6, 7, 8, 9, 10, 12, 13, 14, 16, 18, 21, 22, 23, 24, 25, 26, 27, 28, 29, 30, 33, 34, 35, 36, 37, 38, 39, 42, 43, 44, 45, 46, 47, 48, 49, 50, 54, 57, 66, 67, 71, 72, 120, 121, 201, 202, 240, 241, 284, 285, 338, 339, 392, 393, 431, 432, 473, 492, 507, 528, 531], "summary": {"covered_lines": 58, "num_statements": 227, "percent_covered": 25.550660792951543, "percent_covered_display": "26", "missing_lines": 169, "excluded_lines": 0}, "missing_lines": [59, 61, 62, 63, 69, 77, 79, 80, 83, 84, 89, 92, 93, 94, 95, 96, 98, 109, 115, 116, 117, 124, 126, 128, 131, 142, 144, 147, 148, 149, 150, 151, 153, 154, 155, 156, 157, 158, 159, 160, 161, 163, 164, 165, 168, 169, 170, 172, 183, 185, 196, 197, 198, 207, 208, 211, 222, 223, 224, 226, 227, 229, 235, 236, 237, 246, 247, 250, 251, 253, 254, 255, 256, 258, 259, 262, 273, 279, 280, 281, 290, 291, 293, 305, 306, 307, 309, 310, 311, 312, 315, 316, 317, 318, 319, 320, 323, 324, 325, 327, 333, 334, 335, 344, 346, 347, 350, 364, 365, 366, 373, 374, 375, 376, 377, 379, 381, 387, 388, 389, 400, 402, 407, 408, 414, 416, 426, 427, 428, 438, 440, 441, 442, 451, 454, 455, 457, 468, 469, 470, 475, 476, 479, 480, 482, 483, 484, 486, 488, 489, 494, 495, 497, 498, 500, 501, 503, 504, 509, 511, 512, 513, 515, 516, 518, 519, 521, 522, 524], "excluded_lines": []}}}, "app/api/v1/endpoints/database.py": {"executed_lines": [1, 5, 6, 7, 8, 9, 10, 11, 12, 14, 15, 18, 19, 54, 55, 84, 85, 129, 130, 174, 175], "summary": {"covered_lines": 20, "num_statements": 71, "percent_covered": 28.169014084507044, "percent_covered_display": "28", "missing_lines": 51, "excluded_lines": 0}, "missing_lines": [21, 22, 24, 25, 27, 28, 36, 44, 45, 46, 57, 58, 60, 67, 69, 76, 77, 78, 87, 88, 90, 98, 100, 101, 109, 110, 112, 119, 120, 121, 132, 133, 135, 143, 145, 146, 154, 155, 157, 164, 165, 166, 177, 179, 188, 191, 197, 199, 208, 209, 210], "excluded_lines": [], "functions": {"database_health_check": {"executed_lines": [], "summary": {"covered_lines": 0, "num_statements": 10, "percent_covered": 0.0, "percent_covered_display": "0", "missing_lines": 10, "excluded_lines": 0}, "missing_lines": [21, 22, 24, 25, 27, 28, 36, 44, 45, 46], "excluded_lines": []}, "list_database_tables": {"executed_lines": [], "summary": {"covered_lines": 0, "num_statements": 8, "percent_covered": 0.0, "percent_covered_display": "0", "missing_lines": 8, "excluded_lines": 0}, "missing_lines": [57, 58, 60, 67, 69, 76, 77, 78], "excluded_lines": []}, "get_sessions_count": {"executed_lines": [], "summary": {"covered_lines": 0, "num_statements": 12, "percent_covered": 0.0, "percent_covered_display": "0", "missing_lines": 12, "excluded_lines": 0}, "missing_lines": [87, 88, 90, 98, 100, 101, 109, 110, 112, 119, 120, 121], "excluded_lines": []}, "get_memories_count": {"executed_lines": [], "summary": {"covered_lines": 0, "num_statements": 12, "percent_covered": 0.0, "percent_covered_display": "0", "missing_lines": 12, "excluded_lines": 0}, "missing_lines": [132, 133, 135, 143, 145, 146, 154, 155, 157, 164, 165, 166], "excluded_lines": []}, "test_database_connection": {"executed_lines": [], "summary": {"covered_lines": 0, "num_statements": 9, "percent_covered": 0.0, "percent_covered_display": "0", "missing_lines": 9, "excluded_lines": 0}, "missing_lines": [177, 179, 188, 191, 197, 199, 208, 209, 210], "excluded_lines": []}, "": {"executed_lines": [1, 5, 6, 7, 8, 9, 10, 11, 12, 14, 15, 18, 19, 54, 55, 84, 85, 129, 130, 174, 175], "summary": {"covered_lines": 20, "num_statements": 20, "percent_covered": 100.0, "percent_covered_display": "100", "missing_lines": 0, "excluded_lines": 0}, "missing_lines": [], "excluded_lines": []}}, "classes": {"": {"executed_lines": [1, 5, 6, 7, 8, 9, 10, 11, 12, 14, 15, 18, 19, 54, 55, 84, 85, 129, 130, 174, 175], "summary": {"covered_lines": 20, "num_statements": 71, "percent_covered": 28.169014084507044, "percent_covered_display": "28", "missing_lines": 51, "excluded_lines": 0}, "missing_lines": [21, 22, 24, 25, 27, 28, 36, 44, 45, 46, 57, 58, 60, 67, 69, 76, 77, 78, 87, 88, 90, 98, 100, 101, 109, 110, 112, 119, 120, 121, 132, 133, 135, 143, 145, 146, 154, 155, 157, 164, 165, 166, 177, 179, 188, 191, 197, 199, 208, 209, 210], "excluded_lines": []}}}, "app/api/v1/endpoints/health.py": {"executed_lines": [1, 5, 6, 7, 8, 9, 10, 11, 12, 13, 15, 21, 22, 25, 26, 27, 28, 31, 61, 62, 141, 142, 228, 229, 263, 264, 337, 338, 391, 392, 422, 423], "summary": {"covered_lines": 31, "num_statements": 104, "percent_covered": 29.807692307692307, "percent_covered_display": "30", "missing_lines": 73, "excluded_lines": 0}, "missing_lines": [33, 34, 35, 37, 38, 39, 41, 49, 50, 51, 66, 67, 68, 71, 73, 109, 110, 111, 112, 113, 114, 115, 117, 124, 130, 131, 132, 133, 144, 145, 172, 193, 205, 212, 218, 219, 220, 231, 234, 236, 247, 253, 254, 255, 266, 268, 270, 321, 327, 328, 329, 340, 341, 348, 350, 356, 366, 372, 381, 382, 383, 394, 395, 403, 412, 413, 414, 425, 426, 440, 452, 453, 454], "excluded_lines": [], "functions": {"check_database_health": {"executed_lines": [], "summary": {"covered_lines": 0, "num_statements": 10, "percent_covered": 0.0, "percent_covered_display": "0", "missing_lines": 10, "excluded_lines": 0}, "missing_lines": [33, 34, 35, 37, 38, 39, 41, 49, 50, 51], "excluded_lines": []}, "health_check": {"executed_lines": [], "summary": {"covered_lines": 0, "num_statements": 18, "percent_covered": 0.0, "percent_covered_display": "0", "missing_lines": 18, "excluded_lines": 0}, "missing_lines": [66, 67, 68, 71, 73, 109, 110, 111, 112, 113, 114, 115, 117, 124, 130, 131, 132, 133], "excluded_lines": []}, "get_capabilities": {"executed_lines": [], "summary": {"covered_lines": 0, "num_statements": 9, "percent_covered": 0.0, "percent_covered_display": "0", "missing_lines": 9, "excluded_lines": 0}, "missing_lines": [144, 145, 172, 193, 205, 212, 218, 219, 220], "excluded_lines": []}, "get_state": {"executed_lines": [], "summary": {"covered_lines": 0, "num_statements": 7, "percent_covered": 0.0, "percent_covered_display": "0", "missing_lines": 7, "excluded_lines": 0}, "missing_lines": [231, 234, 236, 247, 253, 254, 255], "excluded_lines": []}, "get_dependencies": {"executed_lines": [], "summary": {"covered_lines": 0, "num_statements": 7, "percent_covered": 0.0, "percent_covered_display": "0", "missing_lines": 7, "excluded_lines": 0}, "missing_lines": [266, 268, 270, 321, 327, 328, 329], "excluded_lines": []}, "reload_config": {"executed_lines": [], "summary": {"covered_lines": 0, "num_statements": 10, "percent_covered": 0.0, "percent_covered_display": "0", "missing_lines": 10, "excluded_lines": 0}, "missing_lines": [340, 341, 348, 350, 356, 366, 372, 381, 382, 383], "excluded_lines": []}, "graceful_shutdown": {"executed_lines": [], "summary": {"covered_lines": 0, "num_statements": 6, "percent_covered": 0.0, "percent_covered_display": "0", "missing_lines": 6, "excluded_lines": 0}, "missing_lines": [394, 395, 403, 412, 413, 414], "excluded_lines": []}, "emergency_stop": {"executed_lines": [], "summary": {"covered_lines": 0, "num_statements": 6, "percent_covered": 0.0, "percent_covered_display": "0", "missing_lines": 6, "excluded_lines": 0}, "missing_lines": [425, 426, 440, 452, 453, 454], "excluded_lines": []}, "": {"executed_lines": [1, 5, 6, 7, 8, 9, 10, 11, 12, 13, 15, 21, 22, 25, 26, 27, 28, 31, 61, 62, 141, 142, 228, 229, 263, 264, 337, 338, 391, 392, 422, 423], "summary": {"covered_lines": 31, "num_statements": 31, "percent_covered": 100.0, "percent_covered_display": "100", "missing_lines": 0, "excluded_lines": 0}, "missing_lines": [], "excluded_lines": []}}, "classes": {"": {"executed_lines": [1, 5, 6, 7, 8, 9, 10, 11, 12, 13, 15, 21, 22, 25, 26, 27, 28, 31, 61, 62, 141, 142, 228, 229, 263, 264, 337, 338, 391, 392, 422, 423], "summary": {"covered_lines": 31, "num_statements": 104, "percent_covered": 29.807692307692307, "percent_covered_display": "30", "missing_lines": 73, "excluded_lines": 0}, "missing_lines": [33, 34, 35, 37, 38, 39, 41, 49, 50, 51, 66, 67, 68, 71, 73, 109, 110, 111, 112, 113, 114, 115, 117, 124, 130, 131, 132, 133, 144, 145, 172, 193, 205, 212, 218, 219, 220, 231, 234, 236, 247, 253, 254, 255, 266, 268, 270, 321, 327, 328, 329, 340, 341, 348, 350, 356, 366, 372, 381, 382, 383, 394, 395, 403, 412, 413, 414, 425, 426, 440, 452, 453, 454], "excluded_lines": []}}}, "app/api/v1/endpoints/memory.py": {"executed_lines": [1, 8, 9, 10, 11, 12, 13, 14, 15, 16, 17, 18, 20, 21, 22, 24, 25, 32, 33, 34, 35, 36, 43, 44, 52, 53, 54, 57, 60, 61, 64, 65, 70, 71, 76, 77, 85, 86, 89, 94, 116, 117, 135, 136, 137, 139, 140, 142, 143, 146, 147, 149, 155, 161, 162, 200, 288, 307, 308, 318, 320, 321, 330, 331, 332, 341, 345, 363, 364, 374, 376, 377, 385, 391, 395, 413, 414, 422, 423, 429, 465, 467, 483, 489, 491, 509, 522, 533, 546, 559, 593, 594], "summary": {"covered_lines": 90, "num_statements": 260, "percent_covered": 34.61538461538461, "percent_covered_display": "35", "missing_lines": 170, "excluded_lines": 0}, "missing_lines": [72, 73, 87, 108, 109, 110, 165, 167, 172, 173, 174, 175, 177, 187, 188, 189, 193, 196, 197, 201, 203, 206, 207, 208, 209, 214, 215, 222, 225, 226, 228, 229, 230, 232, 235, 236, 238, 245, 248, 249, 250, 260, 263, 269, 271, 272, 282, 299, 300, 301, 327, 355, 356, 357, 382, 383, 386, 403, 404, 405, 406, 407, 431, 432, 436, 439, 445, 447, 453, 455, 462, 468, 471, 474, 477, 478, 481, 497, 498, 499, 511, 512, 513, 514, 515, 516, 517, 518, 519, 524, 525, 526, 527, 528, 529, 530, 535, 536, 537, 539, 540, 541, 542, 543, 548, 549, 551, 552, 553, 554, 555, 556, 571, 572, 574, 575, 577, 578, 581, 583, 584, 585, 587, 588, 590, 610, 612, 613, 614, 620, 623, 624, 625, 626, 627, 628, 629, 630, 632, 634, 635, 638, 640, 646, 647, 648, 650, 652, 653, 656, 665, 667, 677, 678, 679, 682, 683, 696, 697, 699, 705, 706, 707, 709, 714, 727, 728, 729, 730, 731], "excluded_lines": [], "functions": {"add_memory": {"executed_lines": [52, 53, 54, 57, 60, 61, 64, 65, 70, 71, 76, 77, 85, 86, 89, 94], "summary": {"covered_lines": 16, "num_statements": 22, "percent_covered": 72.72727272727273, "percent_covered_display": "73", "missing_lines": 6, "excluded_lines": 0}, "missing_lines": [72, 73, 87, 108, 109, 110], "excluded_lines": []}, "search_memories": {"executed_lines": [135, 136, 137, 139, 140, 142, 143, 146, 147, 149, 155, 161, 162, 200, 288], "summary": {"covered_lines": 15, "num_statements": 59, "percent_covered": 25.423728813559322, "percent_covered_display": "25", "missing_lines": 44, "excluded_lines": 0}, "missing_lines": [165, 167, 172, 173, 174, 175, 177, 187, 188, 189, 193, 196, 197, 201, 203, 206, 207, 208, 209, 214, 215, 222, 225, 226, 228, 229, 230, 232, 235, 236, 238, 245, 248, 249, 250, 260, 263, 269, 271, 272, 282, 299, 300, 301], "excluded_lines": []}, "get_all_memories": {"executed_lines": [318, 320, 321, 330, 331, 332, 341, 345], "summary": {"covered_lines": 8, "num_statements": 12, "percent_covered": 66.66666666666667, "percent_covered_display": "67", "missing_lines": 4, "excluded_lines": 0}, "missing_lines": [327, 355, 356, 357], "excluded_lines": []}, "delete_memory": {"executed_lines": [374, 376, 377, 385, 391, 395], "summary": {"covered_lines": 6, "num_statements": 14, "percent_covered": 42.857142857142854, "percent_covered_display": "43", "missing_lines": 8, "excluded_lines": 0}, "missing_lines": [382, 383, 386, 403, 404, 405, 406, 407], "excluded_lines": []}, "get_memory_stats": {"executed_lines": [422, 423, 429, 465, 467, 483, 489, 491], "summary": {"covered_lines": 8, "num_statements": 26, "percent_covered": 30.76923076923077, "percent_covered_display": "31", "missing_lines": 18, "excluded_lines": 0}, "missing_lines": [431, 432, 436, 439, 445, 447, 453, 455, 462, 468, 471, 474, 477, 478, 481, 497, 498, 499], "excluded_lines": []}, "extract_text_from_pdf": {"executed_lines": [], "summary": {"covered_lines": 0, "num_statements": 9, "percent_covered": 0.0, "percent_covered_display": "0", "missing_lines": 9, "excluded_lines": 0}, "missing_lines": [511, 512, 513, 514, 515, 516, 517, 518, 519], "excluded_lines": []}, "extract_text_from_docx": {"executed_lines": [], "summary": {"covered_lines": 0, "num_statements": 7, "percent_covered": 0.0, "percent_covered_display": "0", "missing_lines": 7, "excluded_lines": 0}, "missing_lines": [524, 525, 526, 527, 528, 529, 530], "excluded_lines": []}, "extract_text_from_txt": {"executed_lines": [], "summary": {"covered_lines": 0, "num_statements": 8, "percent_covered": 0.0, "percent_covered_display": "0", "missing_lines": 8, "excluded_lines": 0}, "missing_lines": [535, 536, 537, 539, 540, 541, 542, 543], "excluded_lines": []}, "extract_text_from_md": {"executed_lines": [], "summary": {"covered_lines": 0, "num_statements": 8, "percent_covered": 0.0, "percent_covered_display": "0", "missing_lines": 8, "excluded_lines": 0}, "missing_lines": [548, 549, 551, 552, 553, 554, 555, 556], "excluded_lines": []}, "chunk_text": {"executed_lines": [], "summary": {"covered_lines": 0, "num_statements": 13, "percent_covered": 0.0, "percent_covered_display": "0", "missing_lines": 13, "excluded_lines": 0}, "missing_lines": [571, 572, 574, 575, 577, 578, 581, 583, 584, 585, 587, 588, 590], "excluded_lines": []}, "upload_document": {"executed_lines": [], "summary": {"covered_lines": 0, "num_statements": 45, "percent_covered": 0.0, "percent_covered_display": "0", "missing_lines": 45, "excluded_lines": 0}, "missing_lines": [610, 612, 613, 614, 620, 623, 624, 625, 626, 627, 628, 629, 630, 632, 634, 635, 638, 640, 646, 647, 648, 650, 652, 653, 656, 665, 667, 677, 678, 679, 682, 683, 696, 697, 699, 705, 706, 707, 709, 714, 727, 728, 729, 730, 731], "excluded_lines": []}, "": {"executed_lines": [1, 8, 9, 10, 11, 12, 13, 14, 15, 16, 17, 18, 20, 21, 22, 24, 25, 32, 33, 34, 35, 36, 43, 44, 116, 117, 307, 308, 363, 364, 413, 414, 509, 522, 533, 546, 559, 593, 594], "summary": {"covered_lines": 37, "num_statements": 37, "percent_covered": 100.0, "percent_covered_display": "100", "missing_lines": 0, "excluded_lines": 0}, "missing_lines": [], "excluded_lines": []}}, "classes": {"MemoryAddRequest": {"executed_lines": [], "summary": {"covered_lines": 0, "num_statements": 0, "percent_covered": 100.0, "percent_covered_display": "100", "missing_lines": 0, "excluded_lines": 0}, "missing_lines": [], "excluded_lines": []}, "": {"executed_lines": [1, 8, 9, 10, 11, 12, 13, 14, 15, 16, 17, 18, 20, 21, 22, 24, 25, 32, 33, 34, 35, 36, 43, 44, 52, 53, 54, 57, 60, 61, 64, 65, 70, 71, 76, 77, 85, 86, 89, 94, 116, 117, 135, 136, 137, 139, 140, 142, 143, 146, 147, 149, 155, 161, 162, 200, 288, 307, 308, 318, 320, 321, 330, 331, 332, 341, 345, 363, 364, 374, 376, 377, 385, 391, 395, 413, 414, 422, 423, 429, 465, 467, 483, 489, 491, 509, 522, 533, 546, 559, 593, 594], "summary": {"covered_lines": 90, "num_statements": 260, "percent_covered": 34.61538461538461, "percent_covered_display": "35", "missing_lines": 170, "excluded_lines": 0}, "missing_lines": [72, 73, 87, 108, 109, 110, 165, 167, 172, 173, 174, 175, 177, 187, 188, 189, 193, 196, 197, 201, 203, 206, 207, 208, 209, 214, 215, 222, 225, 226, 228, 229, 230, 232, 235, 236, 238, 245, 248, 249, 250, 260, 263, 269, 271, 272, 282, 299, 300, 301, 327, 355, 356, 357, 382, 383, 386, 403, 404, 405, 406, 407, 431, 432, 436, 439, 445, 447, 453, 455, 462, 468, 471, 474, 477, 478, 481, 497, 498, 499, 511, 512, 513, 514, 515, 516, 517, 518, 519, 524, 525, 526, 527, 528, 529, 530, 535, 536, 537, 539, 540, 541, 542, 543, 548, 549, 551, 552, 553, 554, 555, 556, 571, 572, 574, 575, 577, 578, 581, 583, 584, 585, 587, 588, 590, 610, 612, 613, 614, 620, 623, 624, 625, 626, 627, 628, 629, 630, 632, 634, 635, 638, 640, 646, 647, 648, 650, 652, 653, 656, 665, 667, 677, 678, 679, 682, 683, 696, 697, 699, 705, 706, 707, 709, 714, 727, 728, 729, 730, 731], "excluded_lines": []}}}, "app/api/v1/endpoints/message_bus.py": {"executed_lines": [1, 5, 6, 7, 8, 9, 10, 12, 17, 18, 21, 28, 29, 30, 33, 49, 54, 80, 81, 156, 157, 243, 244, 283, 284, 311, 312], "summary": {"covered_lines": 26, "num_statements": 86, "percent_covered": 30.232558139534884, "percent_covered_display": "30", "missing_lines": 60, "excluded_lines": 0}, "missing_lines": [35, 37, 38, 43, 51, 58, 72, 75, 77, 83, 85, 88, 89, 99, 100, 108, 109, 110, 111, 120, 123, 134, 146, 147, 148, 159, 161, 164, 165, 175, 176, 184, 192, 206, 207, 210, 221, 233, 234, 235, 246, 247, 249, 267, 273, 274, 275, 286, 287, 295, 301, 302, 303, 314, 316, 326, 334, 340, 341, 342], "excluded_lines": [], "functions": {"_cleanup_old_messages": {"executed_lines": [], "summary": {"covered_lines": 0, "num_statements": 4, "percent_covered": 0.0, "percent_covered_display": "0", "missing_lines": 4, "excluded_lines": 0}, "missing_lines": [35, 37, 38, 43], "excluded_lines": []}, "_is_idempotent": {"executed_lines": [], "summary": {"covered_lines": 0, "num_statements": 1, "percent_covered": 0.0, "percent_covered_display": "0", "missing_lines": 1, "excluded_lines": 0}, "missing_lines": [51], "excluded_lines": []}, "_add_to_queue": {"executed_lines": [], "summary": {"covered_lines": 0, "num_statements": 4, "percent_covered": 0.0, "percent_covered_display": "0", "missing_lines": 4, "excluded_lines": 0}, "missing_lines": [58, 72, 75, 77], "excluded_lines": []}, "accept_message": {"executed_lines": [], "summary": {"covered_lines": 0, "num_statements": 16, "percent_covered": 0.0, "percent_covered_display": "0", "missing_lines": 16, "excluded_lines": 0}, "missing_lines": [83, 85, 88, 89, 99, 100, 108, 109, 110, 111, 120, 123, 134, 146, 147, 148], "excluded_lines": []}, "send_message": {"executed_lines": [], "summary": {"covered_lines": 0, "num_statements": 15, "percent_covered": 0.0, "percent_covered_display": "0", "missing_lines": 15, "excluded_lines": 0}, "missing_lines": [159, 161, 164, 165, 175, 176, 184, 192, 206, 207, 210, 221, 233, 234, 235], "excluded_lines": []}, "get_queue_status": {"executed_lines": [], "summary": {"covered_lines": 0, "num_statements": 7, "percent_covered": 0.0, "percent_covered_display": "0", "missing_lines": 7, "excluded_lines": 0}, "missing_lines": [246, 247, 249, 267, 273, 274, 275], "excluded_lines": []}, "get_rate_limits": {"executed_lines": [], "summary": {"covered_lines": 0, "num_statements": 6, "percent_covered": 0.0, "percent_covered_display": "0", "missing_lines": 6, "excluded_lines": 0}, "missing_lines": [286, 287, 295, 301, 302, 303], "excluded_lines": []}, "report_emergence": {"executed_lines": [], "summary": {"covered_lines": 0, "num_statements": 7, "percent_covered": 0.0, "percent_covered_display": "0", "missing_lines": 7, "excluded_lines": 0}, "missing_lines": [314, 316, 326, 334, 340, 341, 342], "excluded_lines": []}, "": {"executed_lines": [1, 5, 6, 7, 8, 9, 10, 12, 17, 18, 21, 28, 29, 30, 33, 49, 54, 80, 81, 156, 157, 243, 244, 283, 284, 311, 312], "summary": {"covered_lines": 26, "num_statements": 26, "percent_covered": 100.0, "percent_covered_display": "100", "missing_lines": 0, "excluded_lines": 0}, "missing_lines": [], "excluded_lines": []}}, "classes": {"": {"executed_lines": [1, 5, 6, 7, 8, 9, 10, 12, 17, 18, 21, 28, 29, 30, 33, 49, 54, 80, 81, 156, 157, 243, 244, 283, 284, 311, 312], "summary": {"covered_lines": 26, "num_statements": 86, "percent_covered": 30.232558139534884, "percent_covered_display": "30", "missing_lines": 60, "excluded_lines": 0}, "missing_lines": [35, 37, 38, 43, 51, 58, 72, 75, 77, 83, 85, 88, 89, 99, 100, 108, 109, 110, 111, 120, 123, 134, 146, 147, 148, 159, 161, 164, 165, 175, 176, 184, 192, 206, 207, 210, 221, 233, 234, 235, 246, 247, 249, 267, 273, 274, 275, 286, 287, 295, 301, 302, 303, 314, 316, 326, 334, 340, 341, 342], "excluded_lines": []}}}, "app/api/v1/endpoints/metrics.py": {"executed_lines": [1, 5, 6, 7, 11, 12, 13, 15, 16, 19, 25, 31, 36, 41, 46, 52, 58, 64, 70, 78, 79, 102, 127, 136], "summary": {"covered_lines": 23, "num_statements": 54, "percent_covered": 42.592592592592595, "percent_covered_display": "43", "missing_lines": 31, "excluded_lines": 0}, "missing_lines": [81, 83, 86, 88, 93, 94, 95, 104, 106, 107, 108, 111, 112, 113, 114, 117, 118, 119, 120, 121, 123, 124, 129, 130, 131, 132, 133, 138, 139, 140, 141], "excluded_lines": [], "functions": {"get_metrics": {"executed_lines": [], "summary": {"covered_lines": 0, "num_statements": 7, "percent_covered": 0.0, "percent_covered_display": "0", "missing_lines": 7, "excluded_lines": 0}, "missing_lines": [81, 83, 86, 88, 93, 94, 95], "excluded_lines": []}, "_update_metrics": {"executed_lines": [], "summary": {"covered_lines": 0, "num_statements": 15, "percent_covered": 0.0, "percent_covered_display": "0", "missing_lines": 15, "excluded_lines": 0}, "missing_lines": [104, 106, 107, 108, 111, 112, 113, 114, 117, 118, 119, 120, 121, 123, 124], "excluded_lines": []}, "record_request": {"executed_lines": [], "summary": {"covered_lines": 0, "num_statements": 5, "percent_covered": 0.0, "percent_covered_display": "0", "missing_lines": 5, "excluded_lines": 0}, "missing_lines": [129, 130, 131, 132, 133], "excluded_lines": []}, "record_emergence": {"executed_lines": [], "summary": {"covered_lines": 0, "num_statements": 4, "percent_covered": 0.0, "percent_covered_display": "0", "missing_lines": 4, "excluded_lines": 0}, "missing_lines": [138, 139, 140, 141], "excluded_lines": []}, "": {"executed_lines": [1, 5, 6, 7, 11, 12, 13, 15, 16, 19, 25, 31, 36, 41, 46, 52, 58, 64, 70, 78, 79, 102, 127, 136], "summary": {"covered_lines": 23, "num_statements": 23, "percent_covered": 100.0, "percent_covered_display": "100", "missing_lines": 0, "excluded_lines": 0}, "missing_lines": [], "excluded_lines": []}}, "classes": {"": {"executed_lines": [1, 5, 6, 7, 11, 12, 13, 15, 16, 19, 25, 31, 36, 41, 46, 52, 58, 64, 70, 78, 79, 102, 127, 136], "summary": {"covered_lines": 23, "num_statements": 54, "percent_covered": 42.592592592592595, "percent_covered_display": "43", "missing_lines": 31, "excluded_lines": 0}, "missing_lines": [81, 83, 86, 88, 93, 94, 95, 104, 106, 107, 108, 111, 112, 113, 114, 117, 118, 119, 120, 121, 123, 124, 129, 130, 131, 132, 133, 138, 139, 140, 141], "excluded_lines": []}}}, "app/api/v1/endpoints/orchestration.py": {"executed_lines": [1, 5, 6, 7, 8, 9, 10, 12, 13, 15, 16, 19, 22, 34, 35, 36, 37, 38, 39, 40, 41, 44, 45, 46, 47, 48, 49, 50, 51, 54, 55, 56, 57, 58, 59, 60, 61, 62, 63, 64, 65, 66, 67, 70, 71, 72, 73, 74, 77, 78, 153, 154, 241, 242, 274, 275, 307, 308, 340, 341, 373, 374, 416, 417, 508, 532, 533, 586, 587], "summary": {"covered_lines": 64, "num_statements": 215, "percent_covered": 29.767441860465116, "percent_covered_display": "30", "missing_lines": 151, "excluded_lines": 0}, "missing_lines": [26, 27, 28, 29, 31, 84, 86, 89, 95, 103, 104, 105, 107, 109, 110, 111, 113, 115, 125, 126, 128, 130, 143, 144, 145, 159, 161, 164, 166, 167, 172, 173, 178, 179, 184, 185, 192, 199, 225, 231, 232, 233, 248, 249, 255, 266, 267, 268, 281, 282, 288, 299, 300, 301, 314, 315, 321, 332, 333, 334, 347, 348, 354, 365, 366, 367, 379, 381, 382, 383, 384, 386, 388, 391, 394, 397, 399, 408, 409, 410, 425, 427, 428, 429, 431, 433, 435, 436, 438, 439, 442, 443, 444, 459, 462, 463, 464, 465, 468, 469, 470, 494, 500, 501, 502, 510, 512, 513, 514, 515, 517, 518, 519, 520, 521, 522, 523, 524, 526, 527, 528, 529, 539, 541, 542, 544, 545, 551, 576, 577, 578, 579, 580, 593, 595, 596, 599, 601, 602, 607, 608, 613, 614, 619, 620, 627, 634, 664, 670, 671, 672], "excluded_lines": [], "functions": {"get_ai_orchestrator": {"executed_lines": [], "summary": {"covered_lines": 0, "num_statements": 5, "percent_covered": 0.0, "percent_covered_display": "0", "missing_lines": 5, "excluded_lines": 0}, "missing_lines": [26, 27, 28, 29, 31], "excluded_lines": []}, "execute_orchestration": {"executed_lines": [], "summary": {"covered_lines": 0, "num_statements": 20, "percent_covered": 0.0, "percent_covered_display": "0", "missing_lines": 20, "excluded_lines": 0}, "missing_lines": [84, 86, 89, 95, 103, 104, 105, 107, 109, 110, 111, 113, 115, 125, 126, 128, 130, 143, 144, 145], "excluded_lines": []}, "execute_orchestration_legacy": {"executed_lines": [], "summary": {"covered_lines": 0, "num_statements": 17, "percent_covered": 0.0, "percent_covered_display": "0", "missing_lines": 17, "excluded_lines": 0}, "missing_lines": [159, 161, 164, 166, 167, 172, 173, 178, 179, 184, 185, 192, 199, 225, 231, 232, 233], "excluded_lines": []}, "strategic_analysis": {"executed_lines": [], "summary": {"covered_lines": 0, "num_statements": 6, "percent_covered": 0.0, "percent_covered_display": "0", "missing_lines": 6, "excluded_lines": 0}, "missing_lines": [248, 249, 255, 266, 267, 268], "excluded_lines": []}, "brick_development": {"executed_lines": [], "summary": {"covered_lines": 0, "num_statements": 6, "percent_covered": 0.0, "percent_covered_display": "0", "missing_lines": 6, "excluded_lines": 0}, "missing_lines": [281, 282, 288, 299, 300, 301], "excluded_lines": []}, "revenue_optimization": {"executed_lines": [], "summary": {"covered_lines": 0, "num_statements": 6, "percent_covered": 0.0, "percent_covered_display": "0", "missing_lines": 6, "excluded_lines": 0}, "missing_lines": [314, 315, 321, 332, 333, 334], "excluded_lines": []}, "gap_analysis": {"executed_lines": [], "summary": {"covered_lines": 0, "num_statements": 6, "percent_covered": 0.0, "percent_covered_display": "0", "missing_lines": 6, "excluded_lines": 0}, "missing_lines": [347, 348, 354, 365, 366, 367], "excluded_lines": []}, "get_orchestration_status": {"executed_lines": [], "summary": {"covered_lines": 0, "num_statements": 14, "percent_covered": 0.0, "percent_covered_display": "0", "missing_lines": 14, "excluded_lines": 0}, "missing_lines": [379, 381, 382, 383, 384, 386, 388, 391, 394, 397, 399, 408, 409, 410], "excluded_lines": []}, "get_orchestration_sessions": {"executed_lines": [], "summary": {"covered_lines": 0, "num_statements": 25, "percent_covered": 0.0, "percent_covered_display": "0", "missing_lines": 25, "excluded_lines": 0}, "missing_lines": [425, 427, 428, 429, 431, 433, 435, 436, 438, 439, 442, 443, 444, 459, 462, 463, 464, 465, 468, 469, 470, 494, 500, 501, 502], "excluded_lines": []}, "_get_time_ago": {"executed_lines": [], "summary": {"covered_lines": 0, "num_statements": 17, "percent_covered": 0.0, "percent_covered_display": "0", "missing_lines": 17, "excluded_lines": 0}, "missing_lines": [510, 512, 513, 514, 515, 517, 518, 519, 520, 521, 522, 523, 524, 526, 527, 528, 529], "excluded_lines": []}, "get_orchestration_session": {"executed_lines": [], "summary": {"covered_lines": 0, "num_statements": 11, "percent_covered": 0.0, "percent_covered_display": "0", "missing_lines": 11, "excluded_lines": 0}, "missing_lines": [539, 541, 542, 544, 545, 551, 576, 577, 578, 579, 580], "excluded_lines": []}, "trigger_orchestration_programmatically": {"executed_lines": [], "summary": {"covered_lines": 0, "num_statements": 18, "percent_covered": 0.0, "percent_covered_display": "0", "missing_lines": 18, "excluded_lines": 0}, "missing_lines": [593, 595, 596, 599, 601, 602, 607, 608, 613, 614, 619, 620, 627, 634, 664, 670, 671, 672], "excluded_lines": []}, "": {"executed_lines": [1, 5, 6, 7, 8, 9, 10, 12, 13, 15, 16, 19, 22, 34, 35, 36, 37, 38, 39, 40, 41, 44, 45, 46, 47, 48, 49, 50, 51, 54, 55, 56, 57, 58, 59, 60, 61, 62, 63, 64, 65, 66, 67, 70, 71, 72, 73, 74, 77, 78, 153, 154, 241, 242, 274, 275, 307, 308, 340, 341, 373, 374, 416, 417, 508, 532, 533, 586, 587], "summary": {"covered_lines": 64, "num_statements": 64, "percent_covered": 100.0, "percent_covered_display": "100", "missing_lines": 0, "excluded_lines": 0}, "missing_lines": [], "excluded_lines": []}}, "classes": {"OrchestrationRequest": {"executed_lines": [], "summary": {"covered_lines": 0, "num_statements": 0, "percent_covered": 100.0, "percent_covered_display": "100", "missing_lines": 0, "excluded_lines": 0}, "missing_lines": [], "excluded_lines": []}, "OrchestrationResponse": {"executed_lines": [], "summary": {"covered_lines": 0, "num_statements": 0, "percent_covered": 100.0, "percent_covered_display": "100", "missing_lines": 0, "excluded_lines": 0}, "missing_lines": [], "excluded_lines": []}, "SessionResponse": {"executed_lines": [], "summary": {"covered_lines": 0, "num_statements": 0, "percent_covered": 100.0, "percent_covered_display": "100", "missing_lines": 0, "excluded_lines": 0}, "missing_lines": [], "excluded_lines": []}, "SessionsListResponse": {"executed_lines": [], "summary": {"covered_lines": 0, "num_statements": 0, "percent_covered": 100.0, "percent_covered_display": "100", "missing_lines": 0, "excluded_lines": 0}, "missing_lines": [], "excluded_lines": []}, "": {"executed_lines": [1, 5, 6, 7, 8, 9, 10, 12, 13, 15, 16, 19, 22, 34, 35, 36, 37, 38, 39, 40, 41, 44, 45, 46, 47, 48, 49, 50, 51, 54, 55, 56, 57, 58, 59, 60, 61, 62, 63, 64, 65, 66, 67, 70, 71, 72, 73, 74, 77, 78, 153, 154, 241, 242, 274, 275, 307, 308, 340, 341, 373, 374, 416, 417, 508, 532, 533, 586, 587], "summary": {"covered_lines": 64, "num_statements": 215, "percent_covered": 29.767441860465116, "percent_covered_display": "30", "missing_lines": 151, "excluded_lines": 0}, "missing_lines": [26, 27, 28, 29, 31, 84, 86, 89, 95, 103, 104, 105, 107, 109, 110, 111, 113, 115, 125, 126, 128, 130, 143, 144, 145, 159, 161, 164, 166, 167, 172, 173, 178, 179, 184, 185, 192, 199, 225, 231, 232, 233, 248, 249, 255, 266, 267, 268, 281, 282, 288, 299, 300, 301, 314, 315, 321, 332, 333, 334, 347, 348, 354, 365, 366, 367, 379, 381, 382, 383, 384, 386, 388, 391, 394, 397, 399, 408, 409, 410, 425, 427, 428, 429, 431, 433, 435, 436, 438, 439, 442, 443, 444, 459, 462, 463, 464, 465, 468, 469, 470, 494, 500, 501, 502, 510, 512, 513, 514, 515, 517, 518, 519, 520, 521, 522, 523, 524, 526, 527, 528, 529, 539, 541, 542, 544, 545, 551, 576, 577, 578, 579, 580, 593, 595, 596, 599, 601, 602, 607, 608, 613, 614, 619, 620, 627, 634, 664, 670, 671, 672], "excluded_lines": []}}}, "app/api/v1/endpoints/revenue_integration.py": {"executed_lines": [1, 6, 7, 8, 9, 10, 12, 14, 16, 19, 22, 25, 28, 39, 40, 43, 44, 45, 46, 49, 50, 51, 54, 55, 56, 57, 58, 59, 64, 65, 87, 88, 110, 111, 133, 134, 156, 157, 179, 180, 202, 203, 225, 226, 258, 259, 284, 285, 316, 317], "summary": {"covered_lines": 49, "num_statements": 162, "percent_covered": 30.246913580246915, "percent_covered_display": "30", "missing_lines": 113, "excluded_lines": 0}, "missing_lines": [30, 31, 35, 67, 68, 69, 74, 75, 77, 78, 79, 80, 81, 90, 91, 92, 97, 98, 100, 101, 102, 103, 104, 113, 114, 115, 120, 121, 123, 124, 125, 126, 127, 136, 137, 138, 143, 144, 146, 147, 148, 149, 150, 159, 160, 161, 166, 167, 169, 170, 171, 172, 173, 182, 183, 184, 189, 190, 192, 193, 194, 195, 196, 205, 206, 207, 212, 213, 215, 216, 217, 218, 219, 231, 232, 233, 238, 242, 248, 249, 250, 251, 252, 264, 265, 266, 271, 272, 274, 275, 276, 277, 278, 291, 292, 293, 298, 304, 306, 307, 308, 309, 310, 319, 320, 321, 326, 328, 336, 337, 338, 339, 340], "excluded_lines": [], "functions": {"set_orchestrator": {"executed_lines": [25], "summary": {"covered_lines": 1, "num_statements": 1, "percent_covered": 100.0, "percent_covered_display": "100", "missing_lines": 0, "excluded_lines": 0}, "missing_lines": [], "excluded_lines": []}, "get_orchestrator": {"executed_lines": [], "summary": {"covered_lines": 0, "num_statements": 3, "percent_covered": 0.0, "percent_covered_display": "0", "missing_lines": 3, "excluded_lines": 0}, "missing_lines": [30, 31, 35], "excluded_lines": []}, "get_church_kit_metrics": {"executed_lines": [], "summary": {"covered_lines": 0, "num_statements": 10, "percent_covered": 0.0, "percent_covered_display": "0", "missing_lines": 10, "excluded_lines": 0}, "missing_lines": [67, 68, 69, 74, 75, 77, 78, 79, 80, 81], "excluded_lines": []}, "get_church_kit_insights": {"executed_lines": [], "summary": {"covered_lines": 0, "num_statements": 10, "percent_covered": 0.0, "percent_covered_display": "0", "missing_lines": 10, "excluded_lines": 0}, "missing_lines": [90, 91, 92, 97, 98, 100, 101, 102, 103, 104], "excluded_lines": []}, "get_global_sky_capabilities": {"executed_lines": [], "summary": {"covered_lines": 0, "num_statements": 10, "percent_covered": 0.0, "percent_covered_display": "0", "missing_lines": 10, "excluded_lines": 0}, "missing_lines": [113, 114, 115, 120, 121, 123, 124, 125, 126, 127], "excluded_lines": []}, "analyze_global_sky_revenue": {"executed_lines": [], "summary": {"covered_lines": 0, "num_statements": 10, "percent_covered": 0.0, "percent_covered_display": "0", "missing_lines": 10, "excluded_lines": 0}, "missing_lines": [136, 137, 138, 143, 144, 146, 147, 148, 149, 150], "excluded_lines": []}, "get_financial_health": {"executed_lines": [], "summary": {"covered_lines": 0, "num_statements": 10, "percent_covered": 0.0, "percent_covered_display": "0", "missing_lines": 10, "excluded_lines": 0}, "missing_lines": [159, 160, 161, 166, 167, 169, 170, 171, 172, 173], "excluded_lines": []}, "optimize_resources": {"executed_lines": [], "summary": {"covered_lines": 0, "num_statements": 10, "percent_covered": 0.0, "percent_covered_display": "0", "missing_lines": 10, "excluded_lines": 0}, "missing_lines": [182, 183, 184, 189, 190, 192, 193, 194, 195, 196], "excluded_lines": []}, "forecast_revenue": {"executed_lines": [], "summary": {"covered_lines": 0, "num_statements": 10, "percent_covered": 0.0, "percent_covered_display": "0", "missing_lines": 10, "excluded_lines": 0}, "missing_lines": [205, 206, 207, 212, 213, 215, 216, 217, 218, 219], "excluded_lines": []}, "generate_autonomous_proposal": {"executed_lines": [], "summary": {"covered_lines": 0, "num_statements": 10, "percent_covered": 0.0, "percent_covered_display": "0", "missing_lines": 10, "excluded_lines": 0}, "missing_lines": [231, 232, 233, 238, 242, 248, 249, 250, 251, 252], "excluded_lines": []}, "get_all_proposals": {"executed_lines": [], "summary": {"covered_lines": 0, "num_statements": 10, "percent_covered": 0.0, "percent_covered_display": "0", "missing_lines": 10, "excluded_lines": 0}, "missing_lines": [264, 265, 266, 271, 272, 274, 275, 276, 277, 278], "excluded_lines": []}, "approve_proposal": {"executed_lines": [], "summary": {"covered_lines": 0, "num_statements": 10, "percent_covered": 0.0, "percent_covered_display": "0", "missing_lines": 10, "excluded_lines": 0}, "missing_lines": [291, 292, 293, 298, 304, 306, 307, 308, 309, 310], "excluded_lines": []}, "get_revenue_connections": {"executed_lines": [], "summary": {"covered_lines": 0, "num_statements": 10, "percent_covered": 0.0, "percent_covered_display": "0", "missing_lines": 10, "excluded_lines": 0}, "missing_lines": [319, 320, 321, 326, 328, 336, 337, 338, 339, 340], "excluded_lines": []}, "": {"executed_lines": [1, 6, 7, 8, 9, 10, 12, 14, 16, 19, 22, 28, 39, 40, 43, 44, 45, 46, 49, 50, 51, 54, 55, 56, 57, 58, 59, 64, 65, 87, 88, 110, 111, 133, 134, 156, 157, 179, 180, 202, 203, 225, 226, 258, 259, 284, 285, 316, 317], "summary": {"covered_lines": 48, "num_statements": 48, "percent_covered": 100.0, "percent_covered_display": "100", "missing_lines": 0, "excluded_lines": 0}, "missing_lines": [], "excluded_lines": []}}, "classes": {"BRICKProposalRequest": {"executed_lines": [], "summary": {"covered_lines": 0, "num_statements": 0, "percent_covered": 100.0, "percent_covered_display": "100", "missing_lines": 0, "excluded_lines": 0}, "missing_lines": [], "excluded_lines": []}, "BRICKProposalResponse": {"executed_lines": [], "summary": {"covered_lines": 0, "num_statements": 0, "percent_covered": 100.0, "percent_covered_display": "100", "missing_lines": 0, "excluded_lines": 0}, "missing_lines": [], "excluded_lines": []}, "ApprovalRequest": {"executed_lines": [], "summary": {"covered_lines": 0, "num_statements": 0, "percent_covered": 100.0, "percent_covered_display": "100", "missing_lines": 0, "excluded_lines": 0}, "missing_lines": [], "excluded_lines": []}, "RevenueConnectionsResponse": {"executed_lines": [], "summary": {"covered_lines": 0, "num_statements": 0, "percent_covered": 100.0, "percent_covered_display": "100", "missing_lines": 0, "excluded_lines": 0}, "missing_lines": [], "excluded_lines": []}, "": {"executed_lines": [1, 6, 7, 8, 9, 10, 12, 14, 16, 19, 22, 25, 28, 39, 40, 43, 44, 45, 46, 49, 50, 51, 54, 55, 56, 57, 58, 59, 64, 65, 87, 88, 110, 111, 133, 134, 156, 157, 179, 180, 202, 203, 225, 226, 258, 259, 284, 285, 316, 317], "summary": {"covered_lines": 49, "num_statements": 162, "percent_covered": 30.246913580246915, "percent_covered_display": "30", "missing_lines": 113, "excluded_lines": 0}, "missing_lines": [30, 31, 35, 67, 68, 69, 74, 75, 77, 78, 79, 80, 81, 90, 91, 92, 97, 98, 100, 101, 102, 103, 104, 113, 114, 115, 120, 121, 123, 124, 125, 126, 127, 136, 137, 138, 143, 144, 146, 147, 148, 149, 150, 159, 160, 161, 166, 167, 169, 170, 171, 172, 173, 182, 183, 184, 189, 190, 192, 193, 194, 195, 196, 205, 206, 207, 212, 213, 215, 216, 217, 218, 219, 231, 232, 233, 238, 242, 248, 249, 250, 251, 252, 264, 265, 266, 271, 272, 274, 275, 276, 277, 278, 291, 292, 293, 298, 304, 306, 307, 308, 309, 310, 319, 320, 321, 326, 328, 336, 337, 338, 339, 340], "excluded_lines": []}}}, "app/api/v1/endpoints/strategic.py": {"executed_lines": [1, 6, 7, 8, 9, 10, 12, 14, 16, 19, 22, 25, 28, 39, 40, 41, 42, 43, 44, 45, 48, 49, 50, 51, 52, 53, 54, 57, 58, 59, 60, 61, 62, 63, 64, 67, 68, 69, 70, 71, 72, 75, 76, 77, 78, 79, 80, 81, 82, 83, 84, 87, 88, 89, 90, 91, 92, 93, 94, 95, 98, 99, 100, 101, 102, 103, 108, 109, 142, 143, 175, 176, 215, 216, 259, 260, 311, 312, 349, 350, 381, 382], "summary": {"covered_lines": 81, "num_statements": 180, "percent_covered": 45.0, "percent_covered_display": "45", "missing_lines": 99, "excluded_lines": 0}, "missing_lines": [30, 31, 35, 114, 115, 116, 121, 123, 132, 133, 134, 135, 136, 147, 148, 149, 154, 156, 165, 166, 167, 168, 169, 180, 181, 182, 188, 189, 190, 191, 193, 195, 205, 206, 207, 208, 209, 220, 221, 222, 228, 229, 230, 231, 233, 234, 239, 241, 249, 250, 251, 252, 253, 265, 266, 267, 273, 274, 275, 276, 278, 279, 284, 289, 301, 302, 303, 304, 305, 317, 318, 319, 324, 328, 339, 340, 341, 342, 343, 354, 355, 356, 361, 363, 371, 372, 373, 374, 375, 386, 387, 388, 393, 394, 396, 397, 398, 399, 400], "excluded_lines": [], "functions": {"set_orchestrator": {"executed_lines": [25], "summary": {"covered_lines": 1, "num_statements": 1, "percent_covered": 100.0, "percent_covered_display": "100", "missing_lines": 0, "excluded_lines": 0}, "missing_lines": [], "excluded_lines": []}, "get_orchestrator": {"executed_lines": [], "summary": {"covered_lines": 0, "num_statements": 3, "percent_covered": 0.0, "percent_covered_display": "0", "missing_lines": 3, "excluded_lines": 0}, "missing_lines": [30, 31, 35], "excluded_lines": []}, "get_bricks_ecosystem": {"executed_lines": [], "summary": {"covered_lines": 0, "num_statements": 10, "percent_covered": 0.0, "percent_covered_display": "0", "missing_lines": 10, "excluded_lines": 0}, "missing_lines": [114, 115, 116, 121, 123, 132, 133, 134, 135, 136], "excluded_lines": []}, "analyze_revenue_opportunities": {"executed_lines": [], "summary": {"covered_lines": 0, "num_statements": 10, "percent_covered": 0.0, "percent_covered_display": "0", "missing_lines": 10, "excluded_lines": 0}, "missing_lines": [147, 148, 149, 154, 156, 165, 166, 167, 168, 169], "excluded_lines": []}, "detect_strategic_gaps": {"executed_lines": [], "summary": {"covered_lines": 0, "num_statements": 14, "percent_covered": 0.0, "percent_covered_display": "0", "missing_lines": 14, "excluded_lines": 0}, "missing_lines": [180, 181, 182, 188, 189, 190, 191, 193, 195, 205, 206, 207, 208, 209], "excluded_lines": []}, "get_brick_priority_queue": {"executed_lines": [], "summary": {"covered_lines": 0, "num_statements": 16, "percent_covered": 0.0, "percent_covered_display": "0", "missing_lines": 16, "excluded_lines": 0}, "missing_lines": [220, 221, 222, 228, 229, 230, 231, 233, 234, 239, 241, 249, 250, 251, 252, 253], "excluded_lines": []}, "predict_brick_constraints": {"executed_lines": [], "summary": {"covered_lines": 0, "num_statements": 16, "percent_covered": 0.0, "percent_covered_display": "0", "missing_lines": 16, "excluded_lines": 0}, "missing_lines": [265, 266, 267, 273, 274, 275, 276, 278, 279, 284, 289, 301, 302, 303, 304, 305], "excluded_lines": []}, "perform_strategic_analysis": {"executed_lines": [], "summary": {"covered_lines": 0, "num_statements": 10, "percent_covered": 0.0, "percent_covered_display": "0", "missing_lines": 10, "excluded_lines": 0}, "missing_lines": [317, 318, 319, 324, 328, 339, 340, 341, 342, 343], "excluded_lines": []}, "get_strategic_dashboard": {"executed_lines": [], "summary": {"covered_lines": 0, "num_statements": 10, "percent_covered": 0.0, "percent_covered_display": "0", "missing_lines": 10, "excluded_lines": 0}, "missing_lines": [354, 355, 356, 361, 363, 371, 372, 373, 374, 375], "excluded_lines": []}, "get_income_stream_mapping": {"executed_lines": [], "summary": {"covered_lines": 0, "num_statements": 10, "percent_covered": 0.0, "percent_covered_display": "0", "missing_lines": 10, "excluded_lines": 0}, "missing_lines": [386, 387, 388, 393, 394, 396, 397, 398, 399, 400], "excluded_lines": []}, "": {"executed_lines": [1, 6, 7, 8, 9, 10, 12, 14, 16, 19, 22, 28, 39, 40, 41, 42, 43, 44, 45, 48, 49, 50, 51, 52, 53, 54, 57, 58, 59, 60, 61, 62, 63, 64, 67, 68, 69, 70, 71, 72, 75, 76, 77, 78, 79, 80, 81, 82, 83, 84, 87, 88, 89, 90, 91, 92, 93, 94, 95, 98, 99, 100, 101, 102, 103, 108, 109, 142, 143, 175, 176, 215, 216, 259, 260, 311, 312, 349, 350, 381, 382], "summary": {"covered_lines": 80, "num_statements": 80, "percent_covered": 100.0, "percent_covered_display": "100", "missing_lines": 0, "excluded_lines": 0}, "missing_lines": [], "excluded_lines": []}}, "classes": {"BRICKSEcosystemResponse": {"executed_lines": [], "summary": {"covered_lines": 0, "num_statements": 0, "percent_covered": 100.0, "percent_covered_display": "100", "missing_lines": 0, "excluded_lines": 0}, "missing_lines": [], "excluded_lines": []}, "RevenueOpportunitiesResponse": {"executed_lines": [], "summary": {"covered_lines": 0, "num_statements": 0, "percent_covered": 100.0, "percent_covered_display": "100", "missing_lines": 0, "excluded_lines": 0}, "missing_lines": [], "excluded_lines": []}, "StrategicGapsResponse": {"executed_lines": [], "summary": {"covered_lines": 0, "num_statements": 0, "percent_covered": 100.0, "percent_covered_display": "100", "missing_lines": 0, "excluded_lines": 0}, "missing_lines": [], "excluded_lines": []}, "BRICKPriorityQueueResponse": {"executed_lines": [], "summary": {"covered_lines": 0, "num_statements": 0, "percent_covered": 100.0, "percent_covered_display": "100", "missing_lines": 0, "excluded_lines": 0}, "missing_lines": [], "excluded_lines": []}, "ConstraintPredictionResponse": {"executed_lines": [], "summary": {"covered_lines": 0, "num_statements": 0, "percent_covered": 100.0, "percent_covered_display": "100", "missing_lines": 0, "excluded_lines": 0}, "missing_lines": [], "excluded_lines": []}, "StrategicAnalysisResponse": {"executed_lines": [], "summary": {"covered_lines": 0, "num_statements": 0, "percent_covered": 100.0, "percent_covered_display": "100", "missing_lines": 0, "excluded_lines": 0}, "missing_lines": [], "excluded_lines": []}, "StrategicDashboardResponse": {"executed_lines": [], "summary": {"covered_lines": 0, "num_statements": 0, "percent_covered": 100.0, "percent_covered_display": "100", "missing_lines": 0, "excluded_lines": 0}, "missing_lines": [], "excluded_lines": []}, "": {"executed_lines": [1, 6, 7, 8, 9, 10, 12, 14, 16, 19, 22, 25, 28, 39, 40, 41, 42, 43, 44, 45, 48, 49, 50, 51, 52, 53, 54, 57, 58, 59, 60, 61, 62, 63, 64, 67, 68, 69, 70, 71, 72, 75, 76, 77, 78, 79, 80, 81, 82, 83, 84, 87, 88, 89, 90, 91, 92, 93, 94, 95, 98, 99, 100, 101, 102, 103, 108, 109, 142, 143, 175, 176, 215, 216, 259, 260, 311, 312, 349, 350, 381, 382], "summary": {"covered_lines": 81, "num_statements": 180, "percent_covered": 45.0, "percent_covered_display": "45", "missing_lines": 99, "excluded_lines": 0}, "missing_lines": [30, 31, 35, 114, 115, 116, 121, 123, 132, 133, 134, 135, 136, 147, 148, 149, 154, 156, 165, 166, 167, 168, 169, 180, 181, 182, 188, 189, 190, 191, 193, 195, 205, 206, 207, 208, 209, 220, 221, 222, 228, 229, 230, 231, 233, 234, 239, 241, 249, 250, 251, 252, 253, 265, 266, 267, 273, 274, 275, 276, 278, 279, 284, 289, 301, 302, 303, 304, 305, 317, 318, 319, 324, 328, 339, 340, 341, 342, 343, 354, 355, 356, 361, 363, 371, 372, 373, 374, 375, 386, 387, 388, 393, 394, 396, 397, 398, 399, 400], "excluded_lines": []}}}, "app/api/v1/endpoints/ubic_assess.py": {"executed_lines": [1, 7, 8, 9, 10, 11, 13, 15, 16, 19, 20, 21, 22, 23, 24, 25, 26, 27, 30, 31, 37, 51, 52, 58, 88, 89, 96, 97, 98, 99, 101, 120, 121, 127, 172, 173, 179, 185, 186, 212, 213, 219, 221, 229, 230, 245, 246, 268, 269], "summary": {"covered_lines": 47, "num_statements": 58, "percent_covered": 81.03448275862068, "percent_covered_display": "81", "missing_lines": 11, "excluded_lines": 0}, "missing_lines": [194, 195, 196, 197, 204, 236, 238, 252, 260, 275, 277], "excluded_lines": [], "functions": {"health_check": {"executed_lines": [37], "summary": {"covered_lines": 1, "num_statements": 1, "percent_covered": 100.0, "percent_covered_display": "100", "missing_lines": 0, "excluded_lines": 0}, "missing_lines": [], "excluded_lines": []}, "get_capabilities": {"executed_lines": [58], "summary": {"covered_lines": 1, "num_statements": 1, "percent_covered": 100.0, "percent_covered_display": "100", "missing_lines": 0, "excluded_lines": 0}, "missing_lines": [], "excluded_lines": []}, "get_state": {"executed_lines": [96, 97, 98, 99, 101], "summary": {"covered_lines": 5, "num_statements": 5, "percent_covered": 100.0, "percent_covered_display": "100", "missing_lines": 0, "excluded_lines": 0}, "missing_lines": [], "excluded_lines": []}, "get_dependencies": {"executed_lines": [127], "summary": {"covered_lines": 1, "num_statements": 1, "percent_covered": 100.0, "percent_covered_display": "100", "missing_lines": 0, "excluded_lines": 0}, "missing_lines": [], "excluded_lines": []}, "receive_message": {"executed_lines": [179, 185, 186], "summary": {"covered_lines": 3, "num_statements": 8, "percent_covered": 37.5, "percent_covered_display": "38", "missing_lines": 5, "excluded_lines": 0}, "missing_lines": [194, 195, 196, 197, 204], "excluded_lines": []}, "send_message": {"executed_lines": [219, 221], "summary": {"covered_lines": 2, "num_statements": 2, "percent_covered": 100.0, "percent_covered_display": "100", "missing_lines": 0, "excluded_lines": 0}, "missing_lines": [], "excluded_lines": []}, "reload_config": {"executed_lines": [], "summary": {"covered_lines": 0, "num_statements": 2, "percent_covered": 0.0, "percent_covered_display": "0", "missing_lines": 2, "excluded_lines": 0}, "missing_lines": [236, 238], "excluded_lines": []}, "graceful_shutdown": {"executed_lines": [], "summary": {"covered_lines": 0, "num_statements": 2, "percent_covered": 0.0, "percent_covered_display": "0", "missing_lines": 2, "excluded_lines": 0}, "missing_lines": [252, 260], "excluded_lines": []}, "emergency_stop": {"executed_lines": [], "summary": {"covered_lines": 0, "num_statements": 2, "percent_covered": 0.0, "percent_covered_display": "0", "missing_lines": 2, "excluded_lines": 0}, "missing_lines": [275, 277], "excluded_lines": []}, "": {"executed_lines": [1, 7, 8, 9, 10, 11, 13, 15, 16, 19, 20, 21, 22, 23, 24, 25, 26, 27, 30, 31, 51, 52, 88, 89, 120, 121, 172, 173, 212, 213, 229, 230, 245, 246, 268, 269], "summary": {"covered_lines": 34, "num_statements": 34, "percent_covered": 100.0, "percent_covered_display": "100", "missing_lines": 0, "excluded_lines": 0}, "missing_lines": [], "excluded_lines": []}}, "classes": {"UBICMessage": {"executed_lines": [], "summary": {"covered_lines": 0, "num_statements": 0, "percent_covered": 100.0, "percent_covered_display": "100", "missing_lines": 0, "excluded_lines": 0}, "missing_lines": [], "excluded_lines": []}, "": {"executed_lines": [1, 7, 8, 9, 10, 11, 13, 15, 16, 19, 20, 21, 22, 23, 24, 25, 26, 27, 30, 31, 37, 51, 52, 58, 88, 89, 96, 97, 98, 99, 101, 120, 121, 127, 172, 173, 179, 185, 186, 212, 213, 219, 221, 229, 230, 245, 246, 268, 269], "summary": {"covered_lines": 47, "num_statements": 58, "percent_covered": 81.03448275862068, "percent_covered_display": "81", "missing_lines": 11, "excluded_lines": 0}, "missing_lines": [194, 195, 196, 197, 204, 236, 238, 252, 260, 275, 277], "excluded_lines": []}}}, "app/api/v1/endpoints/ubic_chat.py": {"executed_lines": [1, 7, 8, 9, 10, 11, 12, 13, 14, 16, 17, 20, 21, 26, 27, 28, 29, 31, 37, 38, 39, 40, 46, 47, 49, 52, 65, 66, 70, 88, 89, 94, 100, 101, 102, 104, 105, 107, 109, 110, 112, 138, 150, 151, 155, 157, 187, 188, 197, 199, 200, 202, 219, 237, 246, 247, 256, 259, 268, 269, 273, 280, 287, 288, 292, 300, 307, 308, 312, 319], "summary": {"covered_lines": 69, "num_statements": 91, "percent_covered": 75.82417582417582, "percent_covered_display": "76", "missing_lines": 22, "excluded_lines": 0}, "missing_lines": [32, 33, 34, 41, 42, 43, 44, 48, 50, 117, 120, 125, 128, 133, 135, 136, 204, 206, 212, 221, 223, 229], "excluded_lines": [], "functions": {"get_health": {"executed_lines": [26, 27, 28, 29, 31, 37, 38, 39, 40, 46, 47, 49, 52], "summary": {"covered_lines": 13, "num_statements": 22, "percent_covered": 59.09090909090909, "percent_covered_display": "59", "missing_lines": 9, "excluded_lines": 0}, "missing_lines": [32, 33, 34, 41, 42, 43, 44, 48, 50], "excluded_lines": []}, "get_capabilities": {"executed_lines": [70], "summary": {"covered_lines": 1, "num_statements": 1, "percent_covered": 100.0, "percent_covered_display": "100", "missing_lines": 0, "excluded_lines": 0}, "missing_lines": [], "excluded_lines": []}, "get_state": {"executed_lines": [94, 100, 101, 102, 104, 105, 107, 109, 110, 112, 138], "summary": {"covered_lines": 11, "num_statements": 18, "percent_covered": 61.111111111111114, "percent_covered_display": "61", "missing_lines": 7, "excluded_lines": 0}, "missing_lines": [117, 120, 125, 128, 133, 135, 136], "excluded_lines": []}, "get_dependencies": {"executed_lines": [155, 157], "summary": {"covered_lines": 2, "num_statements": 2, "percent_covered": 100.0, "percent_covered_display": "100", "missing_lines": 0, "excluded_lines": 0}, "missing_lines": [], "excluded_lines": []}, "receive_message": {"executed_lines": [197, 199, 200, 202, 219, 237], "summary": {"covered_lines": 6, "num_statements": 12, "percent_covered": 50.0, "percent_covered_display": "50", "missing_lines": 6, "excluded_lines": 0}, "missing_lines": [204, 206, 212, 221, 223, 229], "excluded_lines": []}, "send_event": {"executed_lines": [256, 259], "summary": {"covered_lines": 2, "num_statements": 2, "percent_covered": 100.0, "percent_covered_display": "100", "missing_lines": 0, "excluded_l
[...]
.0, "percent_covered_display": "0", "missing_lines": 4, "excluded_lines": 0}, "missing_lines": [211, 212, 214, 216], "excluded_lines": []}, "RevenueAnalysisService._analyze_revenue_optimization": {"executed_lines": [], "summary": {"covered_lines": 0, "num_statements": 4, "percent_covered": 0.0, "percent_covered_display": "0", "missing_lines": 4, "excluded_lines": 0}, "missing_lines": [235, 236, 238, 240], "excluded_lines": []}, "RevenueAnalysisService._generate_revenue_recommendation": {"executed_lines": [], "summary": {"covered_lines": 0, "num_statements": 8, "percent_covered": 0.0, "percent_covered_display": "0", "missing_lines": 8, "excluded_lines": 0}, "missing_lines": [258, 259, 261, 263, 264, 265, 266, 268], "excluded_lines": []}, "RevenueAnalysisService.map_income_streams": {"executed_lines": [], "summary": {"covered_lines": 0, "num_statements": 25, "percent_covered": 0.0, "percent_covered_display": "0", "missing_lines": 25, "excluded_lines": 0}, "missing_lines": [272, 273, 276, 277, 278, 280, 282, 283, 284, 287, 289, 305, 306, 307, 310, 311, 312, 315, 317, 332, 333, 335, 353, 354, 355], "excluded_lines": []}, "RevenueAnalysisService.get_status": {"executed_lines": [], "summary": {"covered_lines": 0, "num_statements": 2, "percent_covered": 0.0, "percent_covered_display": "0", "missing_lines": 2, "excluded_lines": 0}, "missing_lines": [362, 367], "excluded_lines": []}, "": {"executed_lines": [1, 6, 7, 8, 9, 10, 11, 12, 14, 17, 18, 20, 25, 78, 133, 158, 183, 208, 232, 256, 270, 360], "summary": {"covered_lines": 20, "num_statements": 20, "percent_covered": 100.0, "percent_covered_display": "100", "missing_lines": 0, "excluded_lines": 0}, "missing_lines": [], "excluded_lines": []}}, "classes": {"RevenueAnalysisService": {"executed_lines": [21, 22, 23, 27], "summary": {"covered_lines": 4, "num_statements": 76, "percent_covered": 5.2631578947368425, "percent_covered_display": "5", "missing_lines": 72, "excluded_lines": 0}, "missing_lines": [83, 85, 87, 88, 91, 94, 95, 96, 109, 112, 114, 116, 126, 127, 128, 136, 137, 138, 140, 142, 161, 162, 163, 165, 167, 186, 187, 189, 191, 211, 212, 214, 216, 235, 236, 238, 240, 258, 259, 261, 263, 264, 265, 266, 268, 272, 273, 276, 277, 278, 280, 282, 283, 284, 287, 289, 305, 306, 307, 310, 311, 312, 315, 317, 332, 333, 335, 353, 354, 355, 362, 367], "excluded_lines": []}, "": {"executed_lines": [1, 6, 7, 8, 9, 10, 11, 12, 14, 17, 18, 20, 25, 78, 133, 158, 183, 208, 232, 256, 270, 360], "summary": {"covered_lines": 20, "num_statements": 20, "percent_covered": 100.0, "percent_covered_display": "100", "missing_lines": 0, "excluded_lines": 0}, "missing_lines": [], "excluded_lines": []}}}, "app/services/strategic_gap_service.py": {"executed_lines": [1, 6, 7, 8, 10, 13, 14, 16, 17, 18, 19, 21, 23, 79, 149, 180, 201, 218, 235, 259, 299], "summary": {"covered_lines": 19, "num_statements": 90, "percent_covered": 21.11111111111111, "percent_covered_display": "21", "missing_lines": 71, "excluded_lines": 0}, "missing_lines": [84, 86, 87, 88, 90, 91, 94, 97, 105, 106, 119, 120, 121, 123, 125, 128, 129, 131, 142, 143, 144, 151, 154, 178, 182, 203, 204, 209, 210, 211, 212, 213, 214, 216, 220, 222, 223, 224, 231, 233, 237, 240, 241, 242, 243, 246, 247, 250, 251, 254, 255, 257, 261, 264, 265, 266, 271, 272, 273, 274, 279, 280, 281, 282, 287, 288, 289, 294, 295, 297, 301], "excluded_lines": [], "functions": {"StrategicGapService.__init__": {"executed_lines": [17, 18, 19], "summary": {"covered_lines": 3, "num_statements": 3, "percent_covered": 100.0, "percent_covered_display": "100", "missing_lines": 0, "excluded_lines": 0}, "missing_lines": [], "excluded_lines": []}, "StrategicGapService._initialize_gap_detection_rules": {"executed_lines": [23], "summary": {"covered_lines": 1, "num_statements": 1, "percent_covered": 100.0, "percent_covered_display": "100", "missing_lines": 0, "excluded_lines": 0}, "missing_lines": [], "excluded_lines": []}, "StrategicGapService.detect_strategic_gaps": {"executed_lines": [], "summary": {"covered_lines": 0, "num_statements": 21, "percent_covered": 0.0, "percent_covered_display": "0", "missing_lines": 21, "excluded_lines": 0}, "missing_lines": [84, 86, 87, 88, 90, 91, 94, 97, 105, 106, 119, 120, 121, 123, 125, 128, 129, 131, 142, 143, 144], "excluded_lines": []}, "StrategicGapService._detect_technology_gaps": {"executed_lines": [], "summary": {"covered_lines": 0, "num_statements": 3, "percent_covered": 0.0, "percent_covered_display": "0", "missing_lines": 3, "excluded_lines": 0}, "missing_lines": [151, 154, 178], "excluded_lines": []}, "StrategicGapService._detect_competitive_gaps": {"executed_lines": [], "summary": {"covered_lines": 0, "num_statements": 1, "percent_covered": 0.0, "percent_covered_display": "0", "missing_lines": 1, "excluded_lines": 0}, "missing_lines": [182], "excluded_lines": []}, "StrategicGapService._calculate_gap_severity": {"executed_lines": [], "summary": {"covered_lines": 0, "num_statements": 9, "percent_covered": 0.0, "percent_covered_display": "0", "missing_lines": 9, "excluded_lines": 0}, "missing_lines": [203, 204, 209, 210, 211, 212, 213, 214, 216], "excluded_lines": []}, "StrategicGapService._get_top_priority_gaps": {"executed_lines": [], "summary": {"covered_lines": 0, "num_statements": 6, "percent_covered": 0.0, "percent_covered_display": "0", "missing_lines": 6, "excluded_lines": 0}, "missing_lines": [220, 222, 223, 224, 231, 233], "excluded_lines": []}, "StrategicGapService._calculate_priority_score": {"executed_lines": [], "summary": {"covered_lines": 0, "num_statements": 12, "percent_covered": 0.0, "percent_covered_display": "0", "missing_lines": 12, "excluded_lines": 0}, "missing_lines": [237, 240, 241, 242, 243, 246, 247, 250, 251, 254, 255, 257], "excluded_lines": []}, "StrategicGapService._generate_gap_recommendations": {"executed_lines": [], "summary": {"covered_lines": 0, "num_statements": 18, "percent_covered": 0.0, "percent_covered_display": "0", "missing_lines": 18, "excluded_lines": 0}, "missing_lines": [261, 264, 265, 266, 271, 272, 273, 274, 279, 280, 281, 282, 287, 288, 289, 294, 295, 297], "excluded_lines": []}, "StrategicGapService.get_status": {"executed_lines": [], "summary": {"covered_lines": 0, "num_statements": 1, "percent_covered": 0.0, "percent_covered_display": "0", "missing_lines": 1, "excluded_lines": 0}, "missing_lines": [301], "excluded_lines": []}, "": {"executed_lines": [1, 6, 7, 8, 10, 13, 14, 16, 21, 79, 149, 180, 201, 218, 235, 259, 299], "summary": {"covered_lines": 15, "num_statements": 15, "percent_covered": 100.0, "percent_covered_display": "100", "missing_lines": 0, "excluded_lines": 0}, "missing_lines": [], "excluded_lines": []}}, "classes": {"StrategicGapService": {"executed_lines": [17, 18, 19, 23], "summary": {"covered_lines": 4, "num_statements": 75, "percent_covered": 5.333333333333333, "percent_covered_display": "5", "missing_lines": 71, "excluded_lines": 0}, "missing_lines": [84, 86, 87, 88, 90, 91, 94, 97, 105, 106, 119, 120, 121, 123, 125, 128, 129, 131, 142, 143, 144, 151, 154, 178, 182, 203, 204, 209, 210, 211, 212, 213, 214, 216, 220, 222, 223, 224, 231, 233, 237, 240, 241, 242, 243, 246, 247, 250, 251, 254, 255, 257, 261, 264, 265, 266, 271, 272, 273, 274, 279, 280, 281, 282, 287, 288, 289, 294, 295, 297, 301], "excluded_lines": []}, "": {"executed_lines": [1, 6, 7, 8, 10, 13, 14, 16, 21, 79, 149, 180, 201, 218, 235, 259, 299], "summary": {"covered_lines": 15, "num_statements": 15, "percent_covered": 100.0, "percent_covered_display": "100", "missing_lines": 0, "excluded_lines": 0}, "missing_lines": [], "excluded_lines": []}}}, "app/services/strategic_intelligence_service.py": {"executed_lines": [1, 6, 7, 8, 10, 13, 14, 29, 38, 39, 40, 41, 42, 43, 45, 46, 48, 50, 137, 158, 179, 209, 221, 237, 248, 262, 332, 350, 365, 410, 420, 438, 486, 517, 528], "summary": {"covered_lines": 33, "num_statements": 130, "percent_covered": 25.384615384615383, "percent_covered_display": "25", "missing_lines": 97, "excluded_lines": 0}, "missing_lines": [65, 66, 69, 72, 75, 78, 81, 84, 87, 90, 95, 98, 111, 114, 117, 119, 130, 131, 132, 139, 141, 148, 156, 160, 181, 202, 211, 223, 239, 250, 270, 271, 272, 284, 290, 291, 292, 295, 313, 314, 317, 334, 352, 367, 412, 423, 426, 427, 428, 429, 430, 431, 432, 433, 436, 440, 442, 451, 452, 455, 456, 459, 460, 463, 464, 469, 471, 479, 480, 481, 488, 491, 492, 493, 494, 497, 498, 499, 500, 503, 504, 505, 506, 507, 510, 511, 512, 513, 515, 519, 520, 521, 522, 523, 524, 526, 530], "excluded_lines": [], "functions": {"StrategicIntelligenceService.__init__": {"executed_lines": [38, 39, 40, 41, 42, 43, 45, 46, 48], "summary": {"covered_lines": 9, "num_statements": 9, "percent_covered": 100.0, "percent_covered_display": "100", "missing_lines": 0, "excluded_lines": 0}, "missing_lines": [], "excluded_lines": []}, "StrategicIntelligenceService.analyze_strategic_situation": {"executed_lines": [], "summary": {"covered_lines": 0, "num_statements": 19, "percent_covered": 0.0, "percent_covered_display": "0", "missing_lines": 19, "excluded_lines": 0}, "missing_lines": [65, 66, 69, 72, 75, 78, 81, 84, 87, 90, 95, 98, 111, 114, 117, 119, 130, 131, 132], "excluded_lines": []}, "StrategicIntelligenceService._identify_strategic_constraints": {"executed_lines": [], "summary": {"covered_lines": 0, "num_statements": 4, "percent_covered": 0.0, "percent_covered_display": "0", "missing_lines": 4, "excluded_lines": 0}, "missing_lines": [139, 141, 148, 156], "excluded_lines": []}, "StrategicIntelligenceService._create_tactical_plan": {"executed_lines": [], "summary": {"covered_lines": 0, "num_statements": 1, "percent_covered": 0.0, "percent_covered_display": "0", "missing_lines": 1, "excluded_lines": 0}, "missing_lines": [160], "excluded_lines": []}, "StrategicIntelligenceService._assess_risks": {"executed_lines": [], "summary": {"covered_lines": 0, "num_statements": 2, "percent_covered": 0.0, "percent_covered_display": "0", "missing_lines": 2, "excluded_lines": 0}, "missing_lines": [181, 202], "excluded_lines": []}, "StrategicIntelligenceService._generate_adaptive_solutions": {"executed_lines": [], "summary": {"covered_lines": 0, "num_statements": 1, "percent_covered": 0.0, "percent_covered_display": "0", "missing_lines": 1, "excluded_lines": 0}, "missing_lines": [211], "excluded_lines": []}, "StrategicIntelligenceService._analyze_temporal_constraints": {"executed_lines": [], "summary": {"covered_lines": 0, "num_statements": 1, "percent_covered": 0.0, "percent_covered_display": "0", "missing_lines": 1, "excluded_lines": 0}, "missing_lines": [223], "excluded_lines": []}, "StrategicIntelligenceService._analyze_environmental_factors": {"executed_lines": [], "summary": {"covered_lines": 0, "num_statements": 1, "percent_covered": 0.0, "percent_covered_display": "0", "missing_lines": 1, "excluded_lines": 0}, "missing_lines": [239], "excluded_lines": []}, "StrategicIntelligenceService._analyze_goal_alignment": {"executed_lines": [], "summary": {"covered_lines": 0, "num_statements": 1, "percent_covered": 0.0, "percent_covered_display": "0", "missing_lines": 1, "excluded_lines": 0}, "missing_lines": [250], "excluded_lines": []}, "StrategicIntelligenceService._generate_intelligent_strategies": {"executed_lines": [], "summary": {"covered_lines": 0, "num_statements": 11, "percent_covered": 0.0, "percent_covered_display": "0", "missing_lines": 11, "excluded_lines": 0}, "missing_lines": [270, 271, 272, 284, 290, 291, 292, 295, 313, 314, 317], "excluded_lines": []}, "StrategicIntelligenceService._create_monitoring_plan": {"executed_lines": [], "summary": {"covered_lines": 0, "num_statements": 1, "percent_covered": 0.0, "percent_covered_display": "0", "missing_lines": 1, "excluded_lines": 0}, "missing_lines": [334], "excluded_lines": []}, "StrategicIntelligenceService._generate_executive_summary": {"executed_lines": [], "summary": {"covered_lines": 0, "num_statements": 1, "percent_covered": 0.0, "percent_covered_display": "0", "missing_lines": 1, "excluded_lines": 0}, "missing_lines": [352], "excluded_lines": []}, "StrategicIntelligenceService._generate_strategic_recommendations": {"executed_lines": [], "summary": {"covered_lines": 0, "num_statements": 1, "percent_covered": 0.0, "percent_covered_display": "0", "missing_lines": 1, "excluded_lines": 0}, "missing_lines": [367], "excluded_lines": []}, "StrategicIntelligenceService._prioritize_next_actions": {"executed_lines": [], "summary": {"covered_lines": 0, "num_statements": 1, "percent_covered": 0.0, "percent_covered_display": "0", "missing_lines": 1, "excluded_lines": 0}, "missing_lines": [412], "excluded_lines": []}, "StrategicIntelligenceService._calculate_strategic_confidence": {"executed_lines": [], "summary": {"covered_lines": 0, "num_statements": 10, "percent_covered": 0.0, "percent_covered_display": "0", "missing_lines": 10, "excluded_lines": 0}, "missing_lines": [423, 426, 427, 428, 429, 430, 431, 432, 433, 436], "excluded_lines": []}, "StrategicIntelligenceService.get_strategic_dashboard": {"executed_lines": [], "summary": {"covered_lines": 0, "num_statements": 15, "percent_covered": 0.0, "percent_covered_display": "0", "missing_lines": 15, "excluded_lines": 0}, "missing_lines": [440, 442, 451, 452, 455, 456, 459, 460, 463, 464, 469, 471, 479, 480, 481], "excluded_lines": []}, "StrategicIntelligenceService._calculate_strategic_health": {"executed_lines": [], "summary": {"covered_lines": 0, "num_statements": 19, "percent_covered": 0.0, "percent_covered_display": "0", "missing_lines": 19, "excluded_lines": 0}, "missing_lines": [488, 491, 492, 493, 494, 497, 498, 499, 500, 503, 504, 505, 506, 507, 510, 511, 512, 513, 515], "excluded_lines": []}, "StrategicIntelligenceService._categorize_health": {"executed_lines": [], "summary": {"covered_lines": 0, "num_statements": 7, "percent_covered": 0.0, "percent_covered_display": "0", "missing_lines": 7, "excluded_lines": 0}, "missing_lines": [519, 520, 521, 522, 523, 524, 526], "excluded_lines": []}, "StrategicIntelligenceService.get_status": {"executed_lines": [], "summary": {"covered_lines": 0, "num_statements": 1, "percent_covered": 0.0, "percent_covered_display": "0", "missing_lines": 1, "excluded_lines": 0}, "missing_lines": [530], "excluded_lines": []}, "": {"executed_lines": [1, 6, 7, 8, 10, 13, 14, 29, 50, 137, 158, 179, 209, 221, 237, 248, 262, 332, 350, 365, 410, 420, 438, 486, 517, 528], "summary": {"covered_lines": 24, "num_statements": 24, "percent_covered": 100.0, "percent_covered_display": "100", "missing_lines": 0, "excluded_lines": 0}, "missing_lines": [], "excluded_lines": []}}, "classes": {"StrategicIntelligenceService": {"executed_lines": [38, 39, 40, 41, 42, 43, 45, 46, 48], "summary": {"covered_lines": 9, "num_statements": 106, "percent_covered": 8.49056603773585, "percent_covered_display": "8", "missing_lines": 97, "excluded_lines": 0}, "missing_lines": [65, 66, 69, 72, 75, 78, 81, 84, 87, 90, 95, 98, 111, 114, 117, 119, 130, 131, 132, 139, 141, 148, 156, 160, 181, 202, 211, 223, 239, 250, 270, 271, 272, 284, 290, 291, 292, 295, 313, 314, 317, 334, 352, 367, 412, 423, 426, 427, 428, 429, 430, 431, 432, 433, 436, 440, 442, 451, 452, 455, 456, 459, 460, 463, 464, 469, 471, 479, 480, 481, 488, 491, 492, 493, 494, 497, 498, 499, 500, 503, 504, 505, 506, 507, 510, 511, 512, 513, 515, 519, 520, 521, 522, 523, 524, 526, 530], "excluded_lines": []}, "": {"executed_lines": [1, 6, 7, 8, 10, 13, 14, 29, 50, 137, 158, 179, 209, 221, 237, 248, 262, 332, 350, 365, 410, 420, 438, 486, 517, 528], "summary": {"covered_lines": 24, "num_statements": 24, "percent_covered": 100.0, "percent_covered_display": "100", "missing_lines": 0, "excluded_lines": 0}, "missing_lines": [], "excluded_lines": []}}}, "app/services/treasury_optimizer.py": {"executed_lines": [1, 6, 7, 8, 9, 10, 11, 12, 13, 15, 18, 19, 21, 22, 23, 24, 25, 28, 38, 40, 42, 43, 45, 49, 50, 56, 139, 211, 249, 313, 325], "summary": {"covered_lines": 29, "num_statements": 78, "percent_covered": 37.17948717948718, "percent_covered_display": "37", "missing_lines": 49, "excluded_lines": 0}, "missing_lines": [46, 47, 52, 53, 54, 58, 60, 62, 65, 68, 71, 74, 78, 80, 83, 126, 132, 133, 134, 141, 142, 193, 195, 204, 205, 206, 213, 214, 215, 217, 218, 220, 221, 222, 224, 232, 242, 243, 244, 251, 252, 294, 296, 306, 307, 308, 315, 327, 328], "excluded_lines": [], "functions": {"TreasuryOptimizer.__init__": {"executed_lines": [22, 23, 24, 25, 28, 38], "summary": {"covered_lines": 6, "num_statements": 6, "percent_covered": 100.0, "percent_covered_display": "100", "missing_lines": 0, "excluded_lines": 0}, "missing_lines": [], "excluded_lines": []}, "TreasuryOptimizer.initialize": {"executed_lines": [42, 43, 45, 49, 50], "summary": {"covered_lines": 5, "num_statements": 10, "percent_covered": 50.0, "percent_covered_display": "50", "missing_lines": 5, "excluded_lines": 0}, "missing_lines": [46, 47, 52, 53, 54], "excluded_lines": []}, "TreasuryOptimizer.analyze_financial_health": {"executed_lines": [], "summary": {"covered_lines": 0, "num_statements": 14, "percent_covered": 0.0, "percent_covered_display": "0", "missing_lines": 14, "excluded_lines": 0}, "missing_lines": [58, 60, 62, 65, 68, 71, 74, 78, 80, 83, 126, 132, 133, 134], "excluded_lines": []}, "TreasuryOptimizer.optimize_resource_allocation": {"executed_lines": [], "summary": {"covered_lines": 0, "num_statements": 7, "percent_covered": 0.0, "percent_covered_display": "0", "missing_lines": 7, "excluded_lines": 0}, "missing_lines": [141, 142, 193, 195, 204, 205, 206], "excluded_lines": []}, "TreasuryOptimizer.forecast_revenue": {"executed_lines": [], "summary": {"covered_lines": 0, "num_statements": 13, "percent_covered": 0.0, "percent_covered_display": "0", "missing_lines": 13, "excluded_lines": 0}, "missing_lines": [213, 214, 215, 217, 218, 220, 221, 222, 224, 232, 242, 243, 244], "excluded_lines": []}, "TreasuryOptimizer.analyze_cost_optimization": {"executed_lines": [], "summary": {"covered_lines": 0, "num_statements": 7, "percent_covered": 0.0, "percent_covered_display": "0", "missing_lines": 7, "excluded_lines": 0}, "missing_lines": [251, 252, 294, 296, 306, 307, 308], "excluded_lines": []}, "TreasuryOptimizer.get_status": {"executed_lines": [], "summary": {"covered_lines": 0, "num_statements": 1, "percent_covered": 0.0, "percent_covered_display": "0", "missing_lines": 1, "excluded_lines": 0}, "missing_lines": [315], "excluded_lines": []}, "TreasuryOptimizer.cleanup": {"executed_lines": [], "summary": {"covered_lines": 0, "num_statements": 2, "percent_covered": 0.0, "percent_covered_display": "0", "missing_lines": 2, "excluded_lines": 0}, "missing_lines": [327, 328], "excluded_lines": []}, "": {"executed_lines": [1, 6, 7, 8, 9, 10, 11, 12, 13, 15, 18, 19, 21, 40, 56, 139, 211, 249, 313, 325], "summary": {"covered_lines": 18, "num_statements": 18, "percent_covered": 100.0, "percent_covered_display": "100", "missing_lines": 0, "excluded_lines": 0}, "missing_lines": [], "excluded_lines": []}}, "classes": {"TreasuryOptimizer": {"executed_lines": [22, 23, 24, 25, 28, 38, 42, 43, 45, 49, 50], "summary": {"covered_lines": 11, "num_statements": 60, "percent_covered": 18.333333333333332, "percent_covered_display": "18", "missing_lines": 49, "excluded_lines": 0}, "missing_lines": [46, 47, 52, 53, 54, 58, 60, 62, 65, 68, 71, 74, 78, 80, 83, 126, 132, 133, 134, 141, 142, 193, 195, 204, 205, 206, 213, 214, 215, 217, 218, 220, 221, 222, 224, 232, 242, 243, 244, 251, 252, 294, 296, 306, 307, 308, 315, 327, 328], "excluded_lines": []}, "": {"executed_lines": [1, 6, 7, 8, 9, 10, 11, 12, 13, 15, 18, 19, 21, 40, 56, 139, 211, 249, 313, 325], "summary": {"covered_lines": 18, "num_statements": 18, "percent_covered": 100.0, "percent_covered_display": "100", "missing_lines": 0, "excluded_lines": 0}, "missing_lines": [], "excluded_lines": []}}}}, "totals": {"covered_lines": 2472, "num_statements": 6751, "percent_covered": 36.61679751147978, "percent_covered_display": "37", "missing_lines": 4279, "excluded_lines": 0}}